{"C:\\Users\\tejas\\Desktop\\Projects\\Joya\\app.js": {"path":"C:\\Users\\tejas\\Desktop\\Projects\\Joya\\app.js","statementMap":{"0":{"start":{"line":1,"column":0},"end":{"line":3,"column":1}},"1":{"start":{"line":2,"column":2},"end":{"line":2,"column":29}},"2":{"start":{"line":6,"column":16},"end":{"line":6,"column":34}},"3":{"start":{"line":7,"column":16},"end":{"line":7,"column":35}},"4":{"start":{"line":8,"column":16},"end":{"line":8,"column":42}},"5":{"start":{"line":9,"column":19},"end":{"line":9,"column":43}},"6":{"start":{"line":10,"column":14},"end":{"line":10,"column":38}},"7":{"start":{"line":11,"column":12},"end":{"line":11,"column":21}},"8":{"start":{"line":12,"column":13},"end":{"line":12,"column":28}},"9":{"start":{"line":13,"column":23},"end":{"line":13,"column":49}},"10":{"start":{"line":14,"column":20},"end":{"line":14,"column":42}},"11":{"start":{"line":15,"column":15},"end":{"line":15,"column":32}},"12":{"start":{"line":17,"column":13},"end":{"line":17,"column":37}},"13":{"start":{"line":19,"column":0},"end":{"line":19,"column":30}},"14":{"start":{"line":20,"column":0},"end":{"line":20,"column":27}},"15":{"start":{"line":21,"column":0},"end":{"line":21,"column":49}},"16":{"start":{"line":22,"column":0},"end":{"line":22,"column":57}},"17":{"start":{"line":23,"column":0},"end":{"line":23,"column":35}},"18":{"start":{"line":24,"column":0},"end":{"line":24,"column":24}},"19":{"start":{"line":25,"column":0},"end":{"line":25,"column":48}},"20":{"start":{"line":26,"column":0},"end":{"line":30,"column":2}},"21":{"start":{"line":31,"column":0},"end":{"line":31,"column":23}},"22":{"start":{"line":34,"column":21},"end":{"line":34,"column":55}},"23":{"start":{"line":37,"column":17},"end":{"line":37,"column":36}},"24":{"start":{"line":38,"column":22},"end":{"line":38,"column":47}},"25":{"start":{"line":39,"column":13},"end":{"line":39,"column":40}},"26":{"start":{"line":42,"column":22},"end":{"line":42,"column":52}},"27":{"start":{"line":43,"column":21},"end":{"line":43,"column":50}},"28":{"start":{"line":44,"column":19},"end":{"line":44,"column":46}},"29":{"start":{"line":45,"column":19},"end":{"line":45,"column":46}},"30":{"start":{"line":46,"column":22},"end":{"line":46,"column":49}},"31":{"start":{"line":47,"column":19},"end":{"line":47,"column":43}},"32":{"start":{"line":48,"column":20},"end":{"line":48,"column":45}},"33":{"start":{"line":49,"column":23},"end":{"line":49,"column":51}},"34":{"start":{"line":50,"column":21},"end":{"line":50,"column":47}},"35":{"start":{"line":51,"column":32},"end":{"line":51,"column":73}},"36":{"start":{"line":54,"column":14},"end":{"line":54,"column":37}},"37":{"start":{"line":55,"column":17},"end":{"line":55,"column":36}},"38":{"start":{"line":58,"column":28},"end":{"line":58,"column":64}},"39":{"start":{"line":60,"column":0},"end":{"line":68,"column":5}},"40":{"start":{"line":62,"column":4},"end":{"line":62,"column":51}},"41":{"start":{"line":64,"column":4},"end":{"line":64,"column":22}},"42":{"start":{"line":67,"column":4},"end":{"line":67,"column":51}},"43":{"start":{"line":70,"column":2},"end":{"line":70,"column":32}},"44":{"start":{"line":74,"column":14},"end":{"line":80,"column":2}},"45":{"start":{"line":81,"column":0},"end":{"line":83,"column":3}},"46":{"start":{"line":82,"column":2},"end":{"line":82,"column":51}},"47":{"start":{"line":85,"column":23},"end":{"line":95,"column":1}},"48":{"start":{"line":96,"column":0},"end":{"line":96,"column":33}},"49":{"start":{"line":97,"column":0},"end":{"line":97,"column":17}},"50":{"start":{"line":100,"column":0},"end":{"line":100,"column":31}},"51":{"start":{"line":101,"column":0},"end":{"line":101,"column":28}},"52":{"start":{"line":102,"column":0},"end":{"line":102,"column":53}},"53":{"start":{"line":104,"column":0},"end":{"line":104,"column":45}},"54":{"start":{"line":105,"column":0},"end":{"line":105,"column":49}},"55":{"start":{"line":108,"column":0},"end":{"line":114,"column":3}},"56":{"start":{"line":109,"column":2},"end":{"line":109,"column":44}},"57":{"start":{"line":110,"column":2},"end":{"line":110,"column":40}},"58":{"start":{"line":111,"column":2},"end":{"line":111,"column":29}},"59":{"start":{"line":112,"column":2},"end":{"line":112,"column":33}},"60":{"start":{"line":113,"column":2},"end":{"line":113,"column":9}},"61":{"start":{"line":117,"column":0},"end":{"line":119,"column":3}},"62":{"start":{"line":118,"column":2},"end":{"line":118,"column":28}},"63":{"start":{"line":121,"column":0},"end":{"line":121,"column":36}},"64":{"start":{"line":122,"column":0},"end":{"line":122,"column":47}},"65":{"start":{"line":123,"column":0},"end":{"line":123,"column":49}},"66":{"start":{"line":124,"column":0},"end":{"line":124,"column":37}},"67":{"start":{"line":125,"column":0},"end":{"line":125,"column":35}},"68":{"start":{"line":126,"column":0},"end":{"line":126,"column":27}},"69":{"start":{"line":127,"column":0},"end":{"line":127,"column":26}},"70":{"start":{"line":128,"column":0},"end":{"line":128,"column":25}},"71":{"start":{"line":129,"column":0},"end":{"line":129,"column":25}},"72":{"start":{"line":130,"column":0},"end":{"line":130,"column":38}},"73":{"start":{"line":132,"column":0},"end":{"line":134,"column":3}},"74":{"start":{"line":133,"column":2},"end":{"line":133,"column":49}},"75":{"start":{"line":136,"column":0},"end":{"line":139,"column":3}},"76":{"start":{"line":137,"column":63},"end":{"line":137,"column":66}},"77":{"start":{"line":138,"column":2},"end":{"line":138,"column":58}},"78":{"start":{"line":142,"column":0},"end":{"line":142,"column":21}},"79":{"start":{"line":145,"column":0},"end":{"line":149,"column":1}},"80":{"start":{"line":146,"column":2},"end":{"line":148,"column":5}},"81":{"start":{"line":147,"column":4},"end":{"line":147,"column":53}}},"fnMap":{"0":{"name":"(anonymous_0)","decl":{"start":{"line":61,"column":8},"end":{"line":61,"column":9}},"loc":{"start":{"line":61,"column":14},"end":{"line":65,"column":3}},"line":61},"1":{"name":"(anonymous_1)","decl":{"start":{"line":66,"column":9},"end":{"line":66,"column":10}},"loc":{"start":{"line":66,"column":18},"end":{"line":68,"column":3}},"line":66},"2":{"name":"main","decl":{"start":{"line":69,"column":15},"end":{"line":69,"column":19}},"loc":{"start":{"line":69,"column":22},"end":{"line":71,"column":1}},"line":69},"3":{"name":"(anonymous_3)","decl":{"start":{"line":81,"column":18},"end":{"line":81,"column":19}},"loc":{"start":{"line":81,"column":24},"end":{"line":83,"column":1}},"line":81},"4":{"name":"(anonymous_4)","decl":{"start":{"line":108,"column":8},"end":{"line":108,"column":9}},"loc":{"start":{"line":108,"column":28},"end":{"line":114,"column":1}},"line":108},"5":{"name":"(anonymous_5)","decl":{"start":{"line":117,"column":13},"end":{"line":117,"column":14}},"loc":{"start":{"line":117,"column":27},"end":{"line":119,"column":1}},"line":117},"6":{"name":"(anonymous_6)","decl":{"start":{"line":132,"column":14},"end":{"line":132,"column":15}},"loc":{"start":{"line":132,"column":34},"end":{"line":134,"column":1}},"line":132},"7":{"name":"(anonymous_7)","decl":{"start":{"line":136,"column":8},"end":{"line":136,"column":9}},"loc":{"start":{"line":136,"column":33},"end":{"line":139,"column":1}},"line":136},"8":{"name":"(anonymous_8)","decl":{"start":{"line":146,"column":19},"end":{"line":146,"column":20}},"loc":{"start":{"line":146,"column":25},"end":{"line":148,"column":3}},"line":146}},"branchMap":{"0":{"loc":{"start":{"line":1,"column":0},"end":{"line":3,"column":1}},"type":"if","locations":[{"start":{"line":1,"column":0},"end":{"line":3,"column":1}},{"start":{},"end":{}}],"line":1},"1":{"loc":{"start":{"line":17,"column":13},"end":{"line":17,"column":37}},"type":"binary-expr","locations":[{"start":{"line":17,"column":13},"end":{"line":17,"column":29}},{"start":{"line":17,"column":33},"end":{"line":17,"column":37}}],"line":17},"2":{"loc":{"start":{"line":137,"column":8},"end":{"line":137,"column":24}},"type":"default-arg","locations":[{"start":{"line":137,"column":21},"end":{"line":137,"column":24}}],"line":137},"3":{"loc":{"start":{"line":137,"column":26},"end":{"line":137,"column":58}},"type":"default-arg","locations":[{"start":{"line":137,"column":36},"end":{"line":137,"column":58}}],"line":137},"4":{"loc":{"start":{"line":145,"column":0},"end":{"line":149,"column":1}},"type":"if","locations":[{"start":{"line":145,"column":0},"end":{"line":149,"column":1}},{"start":{},"end":{}}],"line":145}},"s":{"0":2,"1":2,"2":2,"3":2,"4":2,"5":2,"6":2,"7":2,"8":2,"9":2,"10":2,"11":2,"12":2,"13":2,"14":2,"15":2,"16":2,"17":2,"18":2,"19":2,"20":2,"21":2,"22":2,"23":2,"24":2,"25":2,"26":2,"27":2,"28":2,"29":2,"30":2,"31":2,"32":2,"33":2,"34":2,"35":2,"36":2,"37":2,"38":2,"39":2,"40":2,"41":2,"42":0,"43":2,"44":2,"45":2,"46":0,"47":2,"48":2,"49":2,"50":2,"51":2,"52":2,"53":2,"54":2,"55":2,"56":47,"57":47,"58":47,"59":47,"60":47,"61":2,"62":0,"63":2,"64":2,"65":2,"66":2,"67":2,"68":2,"69":2,"70":2,"71":2,"72":2,"73":2,"74":3,"75":2,"76":13,"77":13,"78":2,"79":2,"80":0,"81":0},"f":{"0":2,"1":0,"2":2,"3":0,"4":47,"5":0,"6":3,"7":13,"8":0},"b":{"0":[2,0],"1":[2,0],"2":[10],"3":[0],"4":[0,2]},"_coverageSchema":"1a1c01bbd47fc00a2c39e90264f33305004495a9","hash":"fe2e487a93a85dbb82b8afc14d551c4ebf264231"}
,"C:\\Users\\tejas\\Desktop\\Projects\\Joya\\cloudConfig.js": {"path":"C:\\Users\\tejas\\Desktop\\Projects\\Joya\\cloudConfig.js","statementMap":{"0":{"start":{"line":1,"column":19},"end":{"line":1,"column":43}},"1":{"start":{"line":2,"column":30},"end":{"line":2,"column":66}},"2":{"start":{"line":4,"column":0},"end":{"line":8,"column":3}},"3":{"start":{"line":10,"column":16},"end":{"line":16,"column":2}},"4":{"start":{"line":18,"column":0},"end":{"line":21,"column":2}}},"fnMap":{},"branchMap":{},"s":{"0":2,"1":2,"2":2,"3":2,"4":2},"f":{},"b":{},"_coverageSchema":"1a1c01bbd47fc00a2c39e90264f33305004495a9","hash":"941c7ddb11c7071e24402aa7780ea5ff21345915"}
,"C:\\Users\\tejas\\Desktop\\Projects\\Joya\\middleware.js": {"path":"C:\\Users\\tejas\\Desktop\\Projects\\Joya\\middleware.js","statementMap":{"0":{"start":{"line":2,"column":16},"end":{"line":2,"column":46}},"1":{"start":{"line":3,"column":15},"end":{"line":3,"column":44}},"2":{"start":{"line":4,"column":16},"end":{"line":4,"column":46}},"3":{"start":{"line":13,"column":4},"end":{"line":13,"column":26}},"4":{"start":{"line":16,"column":21},"end":{"line":16,"column":55}},"5":{"start":{"line":18,"column":0},"end":{"line":26,"column":2}},"6":{"start":{"line":19,"column":18},"end":{"line":19,"column":73}},"7":{"start":{"line":20,"column":2},"end":{"line":25,"column":3}},"8":{"start":{"line":21,"column":17},"end":{"line":21,"column":64}},"9":{"start":{"line":21,"column":43},"end":{"line":21,"column":53}},"10":{"start":{"line":22,"column":4},"end":{"line":22,"column":40}},"11":{"start":{"line":24,"column":4},"end":{"line":24,"column":11}},"12":{"start":{"line":28,"column":0},"end":{"line":36,"column":2}},"13":{"start":{"line":29,"column":18},"end":{"line":29,"column":72}},"14":{"start":{"line":30,"column":2},"end":{"line":35,"column":3}},"15":{"start":{"line":31,"column":17},"end":{"line":31,"column":64}},"16":{"start":{"line":31,"column":43},"end":{"line":31,"column":53}},"17":{"start":{"line":32,"column":4},"end":{"line":32,"column":40}},"18":{"start":{"line":34,"column":4},"end":{"line":34,"column":11}},"19":{"start":{"line":38,"column":0},"end":{"line":48,"column":2}},"20":{"start":{"line":39,"column":20},"end":{"line":41,"column":4}},"21":{"start":{"line":42,"column":2},"end":{"line":46,"column":3}},"22":{"start":{"line":43,"column":19},"end":{"line":43,"column":67}},"23":{"start":{"line":43,"column":45},"end":{"line":43,"column":55}},"24":{"start":{"line":44,"column":4},"end":{"line":44,"column":31}},"25":{"start":{"line":45,"column":4},"end":{"line":45,"column":35}},"26":{"start":{"line":47,"column":2},"end":{"line":47,"column":9}},"27":{"start":{"line":50,"column":0},"end":{"line":60,"column":2}},"28":{"start":{"line":51,"column":20},"end":{"line":53,"column":4}},"29":{"start":{"line":54,"column":2},"end":{"line":58,"column":3}},"30":{"start":{"line":55,"column":19},"end":{"line":55,"column":67}},"31":{"start":{"line":55,"column":45},"end":{"line":55,"column":55}},"32":{"start":{"line":56,"column":4},"end":{"line":56,"column":31}},"33":{"start":{"line":57,"column":4},"end":{"line":57,"column":44}},"34":{"start":{"line":59,"column":2},"end":{"line":59,"column":9}},"35":{"start":{"line":62,"column":0},"end":{"line":72,"column":2}},"36":{"start":{"line":63,"column":20},"end":{"line":65,"column":4}},"37":{"start":{"line":66,"column":2},"end":{"line":70,"column":3}},"38":{"start":{"line":67,"column":19},"end":{"line":67,"column":67}},"39":{"start":{"line":67,"column":45},"end":{"line":67,"column":55}},"40":{"start":{"line":68,"column":4},"end":{"line":68,"column":31}},"41":{"start":{"line":69,"column":4},"end":{"line":69,"column":35}},"42":{"start":{"line":71,"column":2},"end":{"line":71,"column":9}},"43":{"start":{"line":74,"column":0},"end":{"line":83,"column":2}},"44":{"start":{"line":75,"column":20},"end":{"line":75,"column":75}},"45":{"start":{"line":76,"column":2},"end":{"line":82,"column":3}},"46":{"start":{"line":77,"column":17},"end":{"line":77,"column":65}},"47":{"start":{"line":77,"column":43},"end":{"line":77,"column":53}},"48":{"start":{"line":78,"column":4},"end":{"line":78,"column":31}},"49":{"start":{"line":79,"column":4},"end":{"line":79,"column":67}},"50":{"start":{"line":81,"column":4},"end":{"line":81,"column":11}},"51":{"start":{"line":84,"column":0},"end":{"line":95,"column":2}},"52":{"start":{"line":85,"column":18},"end":{"line":87,"column":4}},"53":{"start":{"line":88,"column":2},"end":{"line":94,"column":3}},"54":{"start":{"line":89,"column":17},"end":{"line":89,"column":65}},"55":{"start":{"line":89,"column":43},"end":{"line":89,"column":53}},"56":{"start":{"line":90,"column":4},"end":{"line":90,"column":31}},"57":{"start":{"line":91,"column":4},"end":{"line":91,"column":34}},"58":{"start":{"line":93,"column":4},"end":{"line":93,"column":11}},"59":{"start":{"line":98,"column":0},"end":{"line":116,"column":2}},"60":{"start":{"line":99,"column":2},"end":{"line":115,"column":3}},"61":{"start":{"line":100,"column":20},"end":{"line":102,"column":5}},"62":{"start":{"line":103,"column":4},"end":{"line":106,"column":5}},"63":{"start":{"line":104,"column":6},"end":{"line":104,"column":47}},"64":{"start":{"line":105,"column":6},"end":{"line":105,"column":39}},"65":{"start":{"line":107,"column":4},"end":{"line":110,"column":5}},"66":{"start":{"line":108,"column":6},"end":{"line":108,"column":78}},"67":{"start":{"line":109,"column":6},"end":{"line":109,"column":39}},"68":{"start":{"line":111,"column":4},"end":{"line":111,"column":11}},"69":{"start":{"line":113,"column":4},"end":{"line":113,"column":48}},"70":{"start":{"line":114,"column":4},"end":{"line":114,"column":37}},"71":{"start":{"line":118,"column":0},"end":{"line":127,"column":2}},"72":{"start":{"line":119,"column":2},"end":{"line":125,"column":3}},"73":{"start":{"line":120,"column":4},"end":{"line":122,"column":5}},"74":{"start":{"line":121,"column":6},"end":{"line":121,"column":48}},"75":{"start":{"line":123,"column":4},"end":{"line":123,"column":44}},"76":{"start":{"line":124,"column":4},"end":{"line":124,"column":34}},"77":{"start":{"line":126,"column":2},"end":{"line":126,"column":9}},"78":{"start":{"line":128,"column":0},"end":{"line":133,"column":2}},"79":{"start":{"line":129,"column":2},"end":{"line":131,"column":3}},"80":{"start":{"line":130,"column":4},"end":{"line":130,"column":53}},"81":{"start":{"line":132,"column":2},"end":{"line":132,"column":9}},"82":{"start":{"line":135,"column":22},"end":{"line":135,"column":74}},"83":{"start":{"line":136,"column":0},"end":{"line":145,"column":2}},"84":{"start":{"line":137,"column":2},"end":{"line":143,"column":3}},"85":{"start":{"line":142,"column":4},"end":{"line":142,"column":46}},"86":{"start":{"line":144,"column":2},"end":{"line":144,"column":9}},"87":{"start":{"line":147,"column":0},"end":{"line":160,"column":2}},"88":{"start":{"line":148,"column":2},"end":{"line":159,"column":4}},"89":{"start":{"line":149,"column":4},"end":{"line":152,"column":5}},"90":{"start":{"line":150,"column":6},"end":{"line":150,"column":47}},"91":{"start":{"line":151,"column":6},"end":{"line":151,"column":36}},"92":{"start":{"line":153,"column":21},"end":{"line":153,"column":34}},"93":{"start":{"line":154,"column":4},"end":{"line":157,"column":5}},"94":{"start":{"line":155,"column":6},"end":{"line":155,"column":72}},"95":{"start":{"line":156,"column":6},"end":{"line":156,"column":31}},"96":{"start":{"line":158,"column":4},"end":{"line":158,"column":11}},"97":{"start":{"line":162,"column":0},"end":{"line":176,"column":2}},"98":{"start":{"line":163,"column":2},"end":{"line":175,"column":4}},"99":{"start":{"line":164,"column":19},"end":{"line":164,"column":29}},"100":{"start":{"line":165,"column":16},"end":{"line":165,"column":40}},"101":{"start":{"line":166,"column":4},"end":{"line":169,"column":5}},"102":{"start":{"line":167,"column":6},"end":{"line":167,"column":48}},"103":{"start":{"line":168,"column":6},"end":{"line":168,"column":34}},"104":{"start":{"line":170,"column":4},"end":{"line":173,"column":5}},"105":{"start":{"line":171,"column":6},"end":{"line":171,"column":51}},"106":{"start":{"line":172,"column":6},"end":{"line":172,"column":34}},"107":{"start":{"line":174,"column":4},"end":{"line":174,"column":11}},"108":{"start":{"line":178,"column":0},"end":{"line":184,"column":2}},"109":{"start":{"line":179,"column":2},"end":{"line":182,"column":3}},"110":{"start":{"line":180,"column":4},"end":{"line":180,"column":58}},"111":{"start":{"line":181,"column":4},"end":{"line":181,"column":37}},"112":{"start":{"line":183,"column":2},"end":{"line":183,"column":9}},"113":{"start":{"line":186,"column":0},"end":{"line":194,"column":2}},"114":{"start":{"line":187,"column":2},"end":{"line":187,"column":46}},"115":{"start":{"line":187,"column":32},"end":{"line":187,"column":46}},"116":{"start":{"line":189,"column":2},"end":{"line":190,"column":18}},"117":{"start":{"line":190,"column":4},"end":{"line":190,"column":18}},"118":{"start":{"line":192,"column":2},"end":{"line":192,"column":69}},"119":{"start":{"line":193,"column":2},"end":{"line":193,"column":36}},"120":{"start":{"line":196,"column":0},"end":{"line":204,"column":2}},"121":{"start":{"line":197,"column":15},"end":{"line":197,"column":25}},"122":{"start":{"line":198,"column":16},"end":{"line":198,"column":42}},"123":{"start":{"line":199,"column":2},"end":{"line":202,"column":3}},"124":{"start":{"line":200,"column":4},"end":{"line":200,"column":49}},"125":{"start":{"line":201,"column":4},"end":{"line":201,"column":43}},"126":{"start":{"line":203,"column":2},"end":{"line":203,"column":9}},"127":{"start":{"line":206,"column":0},"end":{"line":214,"column":2}},"128":{"start":{"line":207,"column":25},"end":{"line":207,"column":35}},"129":{"start":{"line":208,"column":15},"end":{"line":208,"column":46}},"130":{"start":{"line":209,"column":2},"end":{"line":212,"column":3}},"131":{"start":{"line":210,"column":4},"end":{"line":210,"column":64}},"132":{"start":{"line":211,"column":4},"end":{"line":211,"column":43}},"133":{"start":{"line":213,"column":2},"end":{"line":213,"column":9}},"134":{"start":{"line":215,"column":0},"end":{"line":225,"column":2}},"135":{"start":{"line":216,"column":18},"end":{"line":216,"column":75}},"136":{"start":{"line":217,"column":26},"end":{"line":219,"column":3}},"137":{"start":{"line":218,"column":4},"end":{"line":218,"column":33}},"138":{"start":{"line":220,"column":2},"end":{"line":223,"column":3}},"139":{"start":{"line":221,"column":4},"end":{"line":221,"column":53}},"140":{"start":{"line":222,"column":4},"end":{"line":222,"column":52}},"141":{"start":{"line":224,"column":2},"end":{"line":224,"column":9}},"142":{"start":{"line":227,"column":0},"end":{"line":237,"column":2}},"143":{"start":{"line":228,"column":23},"end":{"line":228,"column":63}},"144":{"start":{"line":229,"column":2},"end":{"line":236,"column":3}},"145":{"start":{"line":230,"column":4},"end":{"line":230,"column":19}},"146":{"start":{"line":232,"column":4},"end":{"line":235,"column":6}},"147":{"start":{"line":239,"column":0},"end":{"line":244,"column":2}},"148":{"start":{"line":240,"column":2},"end":{"line":242,"column":3}},"149":{"start":{"line":241,"column":4},"end":{"line":241,"column":73}},"150":{"start":{"line":243,"column":2},"end":{"line":243,"column":9}},"151":{"start":{"line":246,"column":0},"end":{"line":251,"column":2}},"152":{"start":{"line":247,"column":2},"end":{"line":249,"column":3}},"153":{"start":{"line":248,"column":4},"end":{"line":248,"column":59}},"154":{"start":{"line":250,"column":2},"end":{"line":250,"column":9}}},"fnMap":{"0":{"name":"(anonymous_0)","decl":{"start":{"line":18,"column":33},"end":{"line":18,"column":34}},"loc":{"start":{"line":18,"column":53},"end":{"line":26,"column":1}},"line":18},"1":{"name":"(anonymous_1)","decl":{"start":{"line":21,"column":35},"end":{"line":21,"column":36}},"loc":{"start":{"line":21,"column":43},"end":{"line":21,"column":53}},"line":21},"2":{"name":"(anonymous_2)","decl":{"start":{"line":28,"column":32},"end":{"line":28,"column":33}},"loc":{"start":{"line":28,"column":52},"end":{"line":36,"column":1}},"line":28},"3":{"name":"(anonymous_3)","decl":{"start":{"line":31,"column":35},"end":{"line":31,"column":36}},"loc":{"start":{"line":31,"column":43},"end":{"line":31,"column":53}},"line":31},"4":{"name":"(anonymous_4)","decl":{"start":{"line":38,"column":32},"end":{"line":38,"column":33}},"loc":{"start":{"line":38,"column":52},"end":{"line":48,"column":1}},"line":38},"5":{"name":"(anonymous_5)","decl":{"start":{"line":43,"column":37},"end":{"line":43,"column":38}},"loc":{"start":{"line":43,"column":45},"end":{"line":43,"column":55}},"line":43},"6":{"name":"(anonymous_6)","decl":{"start":{"line":50,"column":40},"end":{"line":50,"column":41}},"loc":{"start":{"line":50,"column":60},"end":{"line":60,"column":1}},"line":50},"7":{"name":"(anonymous_7)","decl":{"start":{"line":55,"column":37},"end":{"line":55,"column":38}},"loc":{"start":{"line":55,"column":45},"end":{"line":55,"column":55}},"line":55},"8":{"name":"(anonymous_8)","decl":{"start":{"line":62,"column":31},"end":{"line":62,"column":32}},"loc":{"start":{"line":62,"column":51},"end":{"line":72,"column":1}},"line":62},"9":{"name":"(anonymous_9)","decl":{"start":{"line":67,"column":37},"end":{"line":67,"column":38}},"loc":{"start":{"line":67,"column":45},"end":{"line":67,"column":55}},"line":67},"10":{"name":"(anonymous_10)","decl":{"start":{"line":74,"column":33},"end":{"line":74,"column":34}},"loc":{"start":{"line":74,"column":53},"end":{"line":83,"column":1}},"line":74},"11":{"name":"(anonymous_11)","decl":{"start":{"line":77,"column":35},"end":{"line":77,"column":36}},"loc":{"start":{"line":77,"column":43},"end":{"line":77,"column":53}},"line":77},"12":{"name":"(anonymous_12)","decl":{"start":{"line":84,"column":41},"end":{"line":84,"column":42}},"loc":{"start":{"line":84,"column":61},"end":{"line":95,"column":1}},"line":84},"13":{"name":"(anonymous_13)","decl":{"start":{"line":89,"column":35},"end":{"line":89,"column":36}},"loc":{"start":{"line":89,"column":43},"end":{"line":89,"column":53}},"line":89},"14":{"name":"(anonymous_14)","decl":{"start":{"line":98,"column":39},"end":{"line":98,"column":40}},"loc":{"start":{"line":98,"column":65},"end":{"line":116,"column":1}},"line":98},"15":{"name":"(anonymous_15)","decl":{"start":{"line":118,"column":28},"end":{"line":118,"column":29}},"loc":{"start":{"line":118,"column":48},"end":{"line":127,"column":1}},"line":118},"16":{"name":"(anonymous_16)","decl":{"start":{"line":128,"column":33},"end":{"line":128,"column":34}},"loc":{"start":{"line":128,"column":53},"end":{"line":133,"column":1}},"line":128},"17":{"name":"(anonymous_17)","decl":{"start":{"line":136,"column":34},"end":{"line":136,"column":35}},"loc":{"start":{"line":136,"column":54},"end":{"line":145,"column":1}},"line":136},"18":{"name":"(anonymous_18)","decl":{"start":{"line":147,"column":29},"end":{"line":147,"column":30}},"loc":{"start":{"line":147,"column":50},"end":{"line":160,"column":1}},"line":147},"19":{"name":"(anonymous_19)","decl":{"start":{"line":148,"column":9},"end":{"line":148,"column":10}},"loc":{"start":{"line":148,"column":29},"end":{"line":159,"column":3}},"line":148},"20":{"name":"(anonymous_20)","decl":{"start":{"line":162,"column":28},"end":{"line":162,"column":29}},"loc":{"start":{"line":162,"column":56},"end":{"line":176,"column":1}},"line":162},"21":{"name":"(anonymous_21)","decl":{"start":{"line":163,"column":9},"end":{"line":163,"column":10}},"loc":{"start":{"line":163,"column":35},"end":{"line":175,"column":3}},"line":163},"22":{"name":"(anonymous_22)","decl":{"start":{"line":178,"column":24},"end":{"line":178,"column":25}},"loc":{"start":{"line":178,"column":44},"end":{"line":184,"column":1}},"line":178},"23":{"name":"(anonymous_23)","decl":{"start":{"line":186,"column":32},"end":{"line":186,"column":33}},"loc":{"start":{"line":186,"column":52},"end":{"line":194,"column":1}},"line":186},"24":{"name":"(anonymous_24)","decl":{"start":{"line":196,"column":25},"end":{"line":196,"column":26}},"loc":{"start":{"line":196,"column":51},"end":{"line":204,"column":1}},"line":196},"25":{"name":"(anonymous_25)","decl":{"start":{"line":206,"column":32},"end":{"line":206,"column":33}},"loc":{"start":{"line":206,"column":58},"end":{"line":214,"column":1}},"line":206},"26":{"name":"(anonymous_26)","decl":{"start":{"line":215,"column":35},"end":{"line":215,"column":36}},"loc":{"start":{"line":215,"column":61},"end":{"line":225,"column":1}},"line":215},"27":{"name":"(anonymous_27)","decl":{"start":{"line":217,"column":47},"end":{"line":217,"column":48}},"loc":{"start":{"line":218,"column":4},"end":{"line":218,"column":33}},"line":218},"28":{"name":"(anonymous_28)","decl":{"start":{"line":227,"column":28},"end":{"line":227,"column":29}},"loc":{"start":{"line":227,"column":47},"end":{"line":237,"column":1}},"line":227},"29":{"name":"(anonymous_29)","decl":{"start":{"line":239,"column":35},"end":{"line":239,"column":36}},"loc":{"start":{"line":239,"column":55},"end":{"line":244,"column":1}},"line":239},"30":{"name":"(anonymous_30)","decl":{"start":{"line":246,"column":35},"end":{"line":246,"column":36}},"loc":{"start":{"line":246,"column":55},"end":{"line":251,"column":1}},"line":246}},"branchMap":{"0":{"loc":{"start":{"line":20,"column":2},"end":{"line":25,"column":3}},"type":"if","locations":[{"start":{"line":20,"column":2},"end":{"line":25,"column":3}},{"start":{"line":23,"column":9},"end":{"line":25,"column":3}}],"line":20},"1":{"loc":{"start":{"line":30,"column":2},"end":{"line":35,"column":3}},"type":"if","locations":[{"start":{"line":30,"column":2},"end":{"line":35,"column":3}},{"start":{"line":33,"column":9},"end":{"line":35,"column":3}}],"line":30},"2":{"loc":{"start":{"line":42,"column":2},"end":{"line":46,"column":3}},"type":"if","locations":[{"start":{"line":42,"column":2},"end":{"line":46,"column":3}},{"start":{},"end":{}}],"line":42},"3":{"loc":{"start":{"line":54,"column":2},"end":{"line":58,"column":3}},"type":"if","locations":[{"start":{"line":54,"column":2},"end":{"line":58,"column":3}},{"start":{},"end":{}}],"line":54},"4":{"loc":{"start":{"line":66,"column":2},"end":{"line":70,"column":3}},"type":"if","locations":[{"start":{"line":66,"column":2},"end":{"line":70,"column":3}},{"start":{},"end":{}}],"line":66},"5":{"loc":{"start":{"line":76,"column":2},"end":{"line":82,"column":3}},"type":"if","locations":[{"start":{"line":76,"column":2},"end":{"line":82,"column":3}},{"start":{"line":80,"column":9},"end":{"line":82,"column":3}}],"line":76},"6":{"loc":{"start":{"line":88,"column":2},"end":{"line":94,"column":3}},"type":"if","locations":[{"start":{"line":88,"column":2},"end":{"line":94,"column":3}},{"start":{"line":92,"column":9},"end":{"line":94,"column":3}}],"line":88},"7":{"loc":{"start":{"line":103,"column":4},"end":{"line":106,"column":5}},"type":"if","locations":[{"start":{"line":103,"column":4},"end":{"line":106,"column":5}},{"start":{},"end":{}}],"line":103},"8":{"loc":{"start":{"line":107,"column":4},"end":{"line":110,"column":5}},"type":"if","locations":[{"start":{"line":107,"column":4},"end":{"line":110,"column":5}},{"start":{},"end":{}}],"line":107},"9":{"loc":{"start":{"line":107,"column":8},"end":{"line":107,"column":75}},"type":"binary-expr","locations":[{"start":{"line":107,"column":8},"end":{"line":107,"column":46}},{"start":{"line":107,"column":50},"end":{"line":107,"column":75}}],"line":107},"10":{"loc":{"start":{"line":119,"column":2},"end":{"line":125,"column":3}},"type":"if","locations":[{"start":{"line":119,"column":2},"end":{"line":125,"column":3}},{"start":{},"end":{}}],"line":119},"11":{"loc":{"start":{"line":120,"column":4},"end":{"line":122,"column":5}},"type":"if","locations":[{"start":{"line":120,"column":4},"end":{"line":122,"column":5}},{"start":{},"end":{}}],"line":120},"12":{"loc":{"start":{"line":129,"column":2},"end":{"line":131,"column":3}},"type":"if","locations":[{"start":{"line":129,"column":2},"end":{"line":131,"column":3}},{"start":{},"end":{}}],"line":129},"13":{"loc":{"start":{"line":137,"column":2},"end":{"line":143,"column":3}},"type":"if","locations":[{"start":{"line":137,"column":2},"end":{"line":143,"column":3}},{"start":{},"end":{}}],"line":137},"14":{"loc":{"start":{"line":138,"column":4},"end":{"line":140,"column":44}},"type":"binary-expr","locations":[{"start":{"line":138,"column":4},"end":{"line":138,"column":24}},{"start":{"line":139,"column":4},"end":{"line":139,"column":28}},{"start":{"line":140,"column":4},"end":{"line":140,"column":44}}],"line":138},"15":{"loc":{"start":{"line":149,"column":4},"end":{"line":152,"column":5}},"type":"if","locations":[{"start":{"line":149,"column":4},"end":{"line":152,"column":5}},{"start":{},"end":{}}],"line":149},"16":{"loc":{"start":{"line":154,"column":4},"end":{"line":157,"column":5}},"type":"if","locations":[{"start":{"line":154,"column":4},"end":{"line":157,"column":5}},{"start":{},"end":{}}],"line":154},"17":{"loc":{"start":{"line":162,"column":36},"end":{"line":162,"column":51}},"type":"default-arg","locations":[{"start":{"line":162,"column":44},"end":{"line":162,"column":51}}],"line":162},"18":{"loc":{"start":{"line":166,"column":4},"end":{"line":169,"column":5}},"type":"if","locations":[{"start":{"line":166,"column":4},"end":{"line":169,"column":5}},{"start":{},"end":{}}],"line":166},"19":{"loc":{"start":{"line":170,"column":4},"end":{"line":173,"column":5}},"type":"if","locations":[{"start":{"line":170,"column":4},"end":{"line":173,"column":5}},{"start":{},"end":{}}],"line":170},"20":{"loc":{"start":{"line":170,"column":8},"end":{"line":170,"column":69}},"type":"binary-expr","locations":[{"start":{"line":170,"column":8},"end":{"line":170,"column":40}},{"start":{"line":170,"column":44},"end":{"line":170,"column":69}}],"line":170},"21":{"loc":{"start":{"line":179,"column":2},"end":{"line":182,"column":3}},"type":"if","locations":[{"start":{"line":179,"column":2},"end":{"line":182,"column":3}},{"start":{},"end":{}}],"line":179},"22":{"loc":{"start":{"line":179,"column":6},"end":{"line":179,"column":65}},"type":"binary-expr","locations":[{"start":{"line":179,"column":6},"end":{"line":179,"column":26}},{"start":{"line":179,"column":30},"end":{"line":179,"column":65}}],"line":179},"23":{"loc":{"start":{"line":187,"column":2},"end":{"line":187,"column":46}},"type":"if","locations":[{"start":{"line":187,"column":2},"end":{"line":187,"column":46}},{"start":{},"end":{}}],"line":187},"24":{"loc":{"start":{"line":189,"column":2},"end":{"line":190,"column":18}},"type":"if","locations":[{"start":{"line":189,"column":2},"end":{"line":190,"column":18}},{"start":{},"end":{}}],"line":189},"25":{"loc":{"start":{"line":189,"column":6},"end":{"line":189,"column":69}},"type":"binary-expr","locations":[{"start":{"line":189,"column":6},"end":{"line":189,"column":30}},{"start":{"line":189,"column":34},"end":{"line":189,"column":69}}],"line":189},"26":{"loc":{"start":{"line":199,"column":2},"end":{"line":202,"column":3}},"type":"if","locations":[{"start":{"line":199,"column":2},"end":{"line":202,"column":3}},{"start":{},"end":{}}],"line":199},"27":{"loc":{"start":{"line":209,"column":2},"end":{"line":212,"column":3}},"type":"if","locations":[{"start":{"line":209,"column":2},"end":{"line":212,"column":3}},{"start":{},"end":{}}],"line":209},"28":{"loc":{"start":{"line":220,"column":2},"end":{"line":223,"column":3}},"type":"if","locations":[{"start":{"line":220,"column":2},"end":{"line":223,"column":3}},{"start":{},"end":{}}],"line":220},"29":{"loc":{"start":{"line":229,"column":2},"end":{"line":236,"column":3}},"type":"if","locations":[{"start":{"line":229,"column":2},"end":{"line":236,"column":3}},{"start":{"line":231,"column":9},"end":{"line":236,"column":3}}],"line":229},"30":{"loc":{"start":{"line":240,"column":2},"end":{"line":242,"column":3}},"type":"if","locations":[{"start":{"line":240,"column":2},"end":{"line":242,"column":3}},{"start":{},"end":{}}],"line":240},"31":{"loc":{"start":{"line":240,"column":6},"end":{"line":240,"column":38}},"type":"binary-expr","locations":[{"start":{"line":240,"column":6},"end":{"line":240,"column":15}},{"start":{"line":240,"column":19},"end":{"line":240,"column":38}}],"line":240},"32":{"loc":{"start":{"line":247,"column":2},"end":{"line":249,"column":3}},"type":"if","locations":[{"start":{"line":247,"column":2},"end":{"line":249,"column":3}},{"start":{},"end":{}}],"line":247},"33":{"loc":{"start":{"line":247,"column":6},"end":{"line":247,"column":37}},"type":"binary-expr","locations":[{"start":{"line":247,"column":6},"end":{"line":247,"column":14}},{"start":{"line":247,"column":18},"end":{"line":247,"column":37}}],"line":247}},"s":{"0":2,"1":2,"2":2,"3":2,"4":2,"5":2,"6":0,"7":0,"8":0,"9":0,"10":0,"11":0,"12":2,"13":0,"14":0,"15":0,"16":0,"17":0,"18":0,"19":2,"20":1,"21":1,"22":1,"23":4,"24":1,"25":1,"26":0,"27":2,"28":0,"29":0,"30":0,"31":0,"32":0,"33":0,"34":0,"35":2,"36":0,"37":0,"38":0,"39":0,"40":0,"41":0,"42":0,"43":2,"44":0,"45":0,"46":0,"47":0,"48":0,"49":0,"50":0,"51":2,"52":0,"53":0,"54":0,"55":0,"56":0,"57":0,"58":0,"59":2,"60":0,"61":0,"62":0,"63":0,"64":0,"65":0,"66":0,"67":0,"68":0,"69":0,"70":0,"71":2,"72":1,"73":1,"74":1,"75":1,"76":1,"77":0,"78":2,"79":0,"80":0,"81":0,"82":2,"83":2,"84":2,"85":0,"86":2,"87":2,"88":8,"89":0,"90":0,"91":0,"92":0,"93":0,"94":0,"95":0,"96":0,"97":2,"98":0,"99":0,"100":0,"101":0,"102":0,"103":0,"104":0,"105":0,"106":0,"107":0,"108":2,"109":0,"110":0,"111":0,"112":0,"113":2,"114":0,"115":0,"116":0,"117":0,"118":0,"119":0,"120":2,"121":0,"122":0,"123":0,"124":0,"125":0,"126":0,"127":2,"128":0,"129":0,"130":0,"131":0,"132":0,"133":0,"134":2,"135":0,"136":0,"137":0,"138":0,"139":0,"140":0,"141":0,"142":2,"143":0,"144":0,"145":0,"146":0,"147":2,"148":0,"149":0,"150":0,"151":2,"152":0,"153":0,"154":0},"f":{"0":0,"1":0,"2":0,"3":0,"4":1,"5":4,"6":0,"7":0,"8":0,"9":0,"10":0,"11":0,"12":0,"13":0,"14":0,"15":1,"16":0,"17":2,"18":8,"19":0,"20":0,"21":0,"22":0,"23":0,"24":0,"25":0,"26":0,"27":0,"28":0,"29":0,"30":0},"b":{"0":[0,0],"1":[0,0],"2":[1,0],"3":[0,0],"4":[0,0],"5":[0,0],"6":[0,0],"7":[0,0],"8":[0,0],"9":[0,0],"10":[1,0],"11":[1,0],"12":[0,0],"13":[0,2],"14":[2,2,2],"15":[0,0],"16":[0,0],"17":[0],"18":[0,0],"19":[0,0],"20":[0,0],"21":[0,0],"22":[0,0],"23":[0,0],"24":[0,0],"25":[0,0],"26":[0,0],"27":[0,0],"28":[0,0],"29":[0,0],"30":[0,0],"31":[0,0],"32":[0,0],"33":[0,0]},"_coverageSchema":"1a1c01bbd47fc00a2c39e90264f33305004495a9","hash":"93844e8e3e41f9619b35f28a3770735e8634c8fb"}
,"C:\\Users\\tejas\\Desktop\\Projects\\Joya\\schema.js": {"path":"C:\\Users\\tejas\\Desktop\\Projects\\Joya\\schema.js","statementMap":{"0":{"start":{"line":1,"column":12},"end":{"line":1,"column":26}},"1":{"start":{"line":2,"column":41},"end":{"line":2,"column":69}},"2":{"start":{"line":4,"column":0},"end":{"line":23,"column":3}},"3":{"start":{"line":25,"column":0},"end":{"line":30,"column":3}},"4":{"start":{"line":32,"column":0},"end":{"line":45,"column":3}},"5":{"start":{"line":47,"column":0},"end":{"line":55,"column":3}},"6":{"start":{"line":57,"column":0},"end":{"line":63,"column":3}},"7":{"start":{"line":65,"column":0},"end":{"line":96,"column":3}},"8":{"start":{"line":68,"column":20},"end":{"line":68,"column":30}},"9":{"start":{"line":69,"column":6},"end":{"line":69,"column":33}},"10":{"start":{"line":70,"column":23},"end":{"line":70,"column":38}},"11":{"start":{"line":71,"column":6},"end":{"line":71,"column":47}},"12":{"start":{"line":73,"column":26},"end":{"line":73,"column":41}},"13":{"start":{"line":74,"column":6},"end":{"line":74,"column":39}},"14":{"start":{"line":76,"column":6},"end":{"line":78,"column":7}},"15":{"start":{"line":77,"column":8},"end":{"line":77,"column":41}},"16":{"start":{"line":79,"column":6},"end":{"line":79,"column":19}},"17":{"start":{"line":98,"column":0},"end":{"line":118,"column":3}}},"fnMap":{"0":{"name":"(anonymous_0)","decl":{"start":{"line":67,"column":12},"end":{"line":67,"column":13}},"loc":{"start":{"line":67,"column":32},"end":{"line":80,"column":5}},"line":67}},"branchMap":{"0":{"loc":{"start":{"line":76,"column":6},"end":{"line":78,"column":7}},"type":"if","locations":[{"start":{"line":76,"column":6},"end":{"line":78,"column":7}},{"start":{},"end":{}}],"line":76}},"s":{"0":3,"1":3,"2":3,"3":3,"4":3,"5":3,"6":3,"7":3,"8":0,"9":0,"10":0,"11":0,"12":0,"13":0,"14":0,"15":0,"16":0,"17":3},"f":{"0":0},"b":{"0":[0,0]},"_coverageSchema":"1a1c01bbd47fc00a2c39e90264f33305004495a9","hash":"b077a80fd39c8cbf7b074b06fea0ca92fca59dde"}
,"C:\\Users\\tejas\\Desktop\\Projects\\Joya\\controllers\\admin.js": {"path":"C:\\Users\\tejas\\Desktop\\Projects\\Joya\\controllers\\admin.js","statementMap":{"0":{"start":{"line":2,"column":13},"end":{"line":2,"column":41}},"1":{"start":{"line":3,"column":21},"end":{"line":3,"column":56}},"2":{"start":{"line":6,"column":0},"end":{"line":21,"column":2}},"3":{"start":{"line":7,"column":2},"end":{"line":20,"column":3}},"4":{"start":{"line":8,"column":28},"end":{"line":10,"column":41}},"5":{"start":{"line":12,"column":4},"end":{"line":15,"column":7}},"6":{"start":{"line":17,"column":4},"end":{"line":17,"column":62}},"7":{"start":{"line":18,"column":4},"end":{"line":18,"column":60}},"8":{"start":{"line":19,"column":4},"end":{"line":19,"column":30}},"9":{"start":{"line":24,"column":0},"end":{"line":57,"column":2}},"10":{"start":{"line":25,"column":2},"end":{"line":56,"column":3}},"11":{"start":{"line":26,"column":23},"end":{"line":26,"column":33}},"12":{"start":{"line":28,"column":17},"end":{"line":28,"column":44}},"13":{"start":{"line":29,"column":4},"end":{"line":32,"column":5}},"14":{"start":{"line":30,"column":6},"end":{"line":30,"column":44}},"15":{"start":{"line":31,"column":6},"end":{"line":31,"column":44}},"16":{"start":{"line":34,"column":4},"end":{"line":37,"column":5}},"17":{"start":{"line":35,"column":6},"end":{"line":35,"column":66}},"18":{"start":{"line":36,"column":6},"end":{"line":36,"column":44}},"19":{"start":{"line":40,"column":4},"end":{"line":40,"column":34}},"20":{"start":{"line":41,"column":4},"end":{"line":41,"column":38}},"21":{"start":{"line":42,"column":4},"end":{"line":42,"column":28}},"22":{"start":{"line":43,"column":4},"end":{"line":43,"column":23}},"23":{"start":{"line":45,"column":4},"end":{"line":45,"column":22}},"24":{"start":{"line":47,"column":4},"end":{"line":50,"column":6}},"25":{"start":{"line":51,"column":4},"end":{"line":51,"column":37}},"26":{"start":{"line":53,"column":4},"end":{"line":53,"column":57}},"27":{"start":{"line":54,"column":4},"end":{"line":54,"column":57}},"28":{"start":{"line":55,"column":4},"end":{"line":55,"column":37}},"29":{"start":{"line":60,"column":0},"end":{"line":92,"column":2}},"30":{"start":{"line":61,"column":2},"end":{"line":91,"column":3}},"31":{"start":{"line":62,"column":23},"end":{"line":62,"column":33}},"32":{"start":{"line":64,"column":17},"end":{"line":64,"column":44}},"33":{"start":{"line":65,"column":4},"end":{"line":68,"column":5}},"34":{"start":{"line":66,"column":6},"end":{"line":66,"column":44}},"35":{"start":{"line":67,"column":6},"end":{"line":67,"column":44}},"36":{"start":{"line":70,"column":4},"end":{"line":73,"column":5}},"37":{"start":{"line":71,"column":6},"end":{"line":71,"column":66}},"38":{"start":{"line":72,"column":6},"end":{"line":72,"column":44}},"39":{"start":{"line":76,"column":4},"end":{"line":76,"column":34}},"40":{"start":{"line":77,"column":4},"end":{"line":77,"column":29}},"41":{"start":{"line":80,"column":4},"end":{"line":80,"column":22}},"42":{"start":{"line":82,"column":4},"end":{"line":85,"column":6}},"43":{"start":{"line":86,"column":4},"end":{"line":86,"column":37}},"44":{"start":{"line":88,"column":4},"end":{"line":88,"column":57}},"45":{"start":{"line":89,"column":4},"end":{"line":89,"column":56}},"46":{"start":{"line":90,"column":4},"end":{"line":90,"column":37}},"47":{"start":{"line":95,"column":0},"end":{"line":148,"column":2}},"48":{"start":{"line":96,"column":2},"end":{"line":147,"column":3}},"49":{"start":{"line":97,"column":33},"end":{"line":97,"column":41}},"50":{"start":{"line":99,"column":17},"end":{"line":99,"column":44}},"51":{"start":{"line":100,"column":4},"end":{"line":102,"column":5}},"52":{"start":{"line":101,"column":6},"end":{"line":101,"column":79}},"53":{"start":{"line":105,"column":25},"end":{"line":105,"column":64}},"54":{"start":{"line":106,"column":4},"end":{"line":110,"column":5}},"55":{"start":{"line":107,"column":6},"end":{"line":109,"column":65}},"56":{"start":{"line":113,"column":19},"end":{"line":113,"column":36}},"57":{"start":{"line":114,"column":30},"end":{"line":114,"column":68}},"58":{"start":{"line":117,"column":4},"end":{"line":117,"column":26}},"59":{"start":{"line":118,"column":4},"end":{"line":118,"column":33}},"60":{"start":{"line":119,"column":4},"end":{"line":119,"column":52}},"61":{"start":{"line":120,"column":4},"end":{"line":120,"column":69}},"62":{"start":{"line":121,"column":4},"end":{"line":121,"column":22}},"63":{"start":{"line":124,"column":28},"end":{"line":126,"column":41}},"64":{"start":{"line":127,"column":24},"end":{"line":131,"column":5}},"65":{"start":{"line":133,"column":4},"end":{"line":143,"column":5}},"66":{"start":{"line":134,"column":6},"end":{"line":137,"column":9}},"67":{"start":{"line":139,"column":6},"end":{"line":142,"column":9}},"68":{"start":{"line":145,"column":4},"end":{"line":145,"column":59}},"69":{"start":{"line":146,"column":4},"end":{"line":146,"column":78}}},"fnMap":{"0":{"name":"(anonymous_0)","decl":{"start":{"line":6,"column":37},"end":{"line":6,"column":38}},"loc":{"start":{"line":6,"column":57},"end":{"line":21,"column":1}},"line":6},"1":{"name":"(anonymous_1)","decl":{"start":{"line":24,"column":36},"end":{"line":24,"column":37}},"loc":{"start":{"line":24,"column":56},"end":{"line":57,"column":1}},"line":24},"2":{"name":"(anonymous_2)","decl":{"start":{"line":60,"column":35},"end":{"line":60,"column":36}},"loc":{"start":{"line":60,"column":55},"end":{"line":92,"column":1}},"line":60},"3":{"name":"(anonymous_3)","decl":{"start":{"line":95,"column":36},"end":{"line":95,"column":37}},"loc":{"start":{"line":95,"column":56},"end":{"line":148,"column":1}},"line":95}},"branchMap":{"0":{"loc":{"start":{"line":29,"column":4},"end":{"line":32,"column":5}},"type":"if","locations":[{"start":{"line":29,"column":4},"end":{"line":32,"column":5}},{"start":{},"end":{}}],"line":29},"1":{"loc":{"start":{"line":34,"column":4},"end":{"line":37,"column":5}},"type":"if","locations":[{"start":{"line":34,"column":4},"end":{"line":37,"column":5}},{"start":{},"end":{}}],"line":34},"2":{"loc":{"start":{"line":65,"column":4},"end":{"line":68,"column":5}},"type":"if","locations":[{"start":{"line":65,"column":4},"end":{"line":68,"column":5}},{"start":{},"end":{}}],"line":65},"3":{"loc":{"start":{"line":70,"column":4},"end":{"line":73,"column":5}},"type":"if","locations":[{"start":{"line":70,"column":4},"end":{"line":73,"column":5}},{"start":{},"end":{}}],"line":70},"4":{"loc":{"start":{"line":100,"column":4},"end":{"line":102,"column":5}},"type":"if","locations":[{"start":{"line":100,"column":4},"end":{"line":102,"column":5}},{"start":{},"end":{}}],"line":100},"5":{"loc":{"start":{"line":106,"column":4},"end":{"line":110,"column":5}},"type":"if","locations":[{"start":{"line":106,"column":4},"end":{"line":110,"column":5}},{"start":{},"end":{}}],"line":106},"6":{"loc":{"start":{"line":106,"column":8},"end":{"line":106,"column":75}},"type":"binary-expr","locations":[{"start":{"line":106,"column":8},"end":{"line":106,"column":20}},{"start":{"line":106,"column":24},"end":{"line":106,"column":75}}],"line":106},"7":{"loc":{"start":{"line":133,"column":4},"end":{"line":143,"column":5}},"type":"if","locations":[{"start":{"line":133,"column":4},"end":{"line":143,"column":5}},{"start":{"line":138,"column":11},"end":{"line":143,"column":5}}],"line":133}},"s":{"0":2,"1":2,"2":2,"3":0,"4":0,"5":0,"6":0,"7":0,"8":0,"9":2,"10":0,"11":0,"12":0,"13":0,"14":0,"15":0,"16":0,"17":0,"18":0,"19":0,"20":0,"21":0,"22":0,"23":0,"24":0,"25":0,"26":0,"27":0,"28":0,"29":2,"30":0,"31":0,"32":0,"33":0,"34":0,"35":0,"36":0,"37":0,"38":0,"39":0,"40":0,"41":0,"42":0,"43":0,"44":0,"45":0,"46":0,"47":2,"48":0,"49":0,"50":0,"51":0,"52":0,"53":0,"54":0,"55":0,"56":0,"57":0,"58":0,"59":0,"60":0,"61":0,"62":0,"63":0,"64":0,"65":0,"66":0,"67":0,"68":0,"69":0},"f":{"0":0,"1":0,"2":0,"3":0},"b":{"0":[0,0],"1":[0,0],"2":[0,0],"3":[0,0],"4":[0,0],"5":[0,0],"6":[0,0],"7":[0,0]},"_coverageSchema":"1a1c01bbd47fc00a2c39e90264f33305004495a9","hash":"56d998445c7be33b97842f68d5e0e8af2a136832"}
,"C:\\Users\\tejas\\Desktop\\Projects\\Joya\\controllers\\booking.js": {"path":"C:\\Users\\tejas\\Desktop\\Projects\\Joya\\controllers\\booking.js","statementMap":{"0":{"start":{"line":1,"column":17},"end":{"line":1,"column":48}},"1":{"start":{"line":2,"column":16},"end":{"line":2,"column":47}},"2":{"start":{"line":3,"column":21},"end":{"line":3,"column":56}},"3":{"start":{"line":5,"column":0},"end":{"line":22,"column":2}},"4":{"start":{"line":6,"column":18},"end":{"line":6,"column":55}},"5":{"start":{"line":7,"column":2},"end":{"line":10,"column":3}},"6":{"start":{"line":8,"column":4},"end":{"line":8,"column":45}},"7":{"start":{"line":9,"column":4},"end":{"line":9,"column":37}},"8":{"start":{"line":11,"column":19},"end":{"line":14,"column":31}},"9":{"start":{"line":16,"column":22},"end":{"line":19,"column":5}},"10":{"start":{"line":16,"column":43},"end":{"line":19,"column":3}},"11":{"start":{"line":21,"column":2},"end":{"line":21,"column":55}},"12":{"start":{"line":24,"column":0},"end":{"line":86,"column":2}},"13":{"start":{"line":25,"column":17},"end":{"line":25,"column":27}},"14":{"start":{"line":26,"column":40},"end":{"line":26,"column":48}},"15":{"start":{"line":27,"column":18},"end":{"line":27,"column":44}},"16":{"start":{"line":29,"column":2},"end":{"line":32,"column":3}},"17":{"start":{"line":30,"column":4},"end":{"line":30,"column":45}},"18":{"start":{"line":31,"column":4},"end":{"line":31,"column":37}},"19":{"start":{"line":36,"column":2},"end":{"line":36,"column":36}},"20":{"start":{"line":38,"column":19},"end":{"line":45,"column":4}},"21":{"start":{"line":47,"column":2},"end":{"line":50,"column":3}},"22":{"start":{"line":48,"column":4},"end":{"line":48,"column":67}},"23":{"start":{"line":49,"column":4},"end":{"line":49,"column":56}},"24":{"start":{"line":52,"column":2},"end":{"line":55,"column":3}},"25":{"start":{"line":53,"column":4},"end":{"line":53,"column":69}},"26":{"start":{"line":54,"column":4},"end":{"line":54,"column":43}},"27":{"start":{"line":59,"column":4},"end":{"line":59,"column":68}},"28":{"start":{"line":61,"column":2},"end":{"line":64,"column":3}},"29":{"start":{"line":62,"column":4},"end":{"line":62,"column":70}},"30":{"start":{"line":63,"column":4},"end":{"line":63,"column":56}},"31":{"start":{"line":66,"column":2},"end":{"line":69,"column":3}},"32":{"start":{"line":67,"column":4},"end":{"line":67,"column":71}},"33":{"start":{"line":68,"column":4},"end":{"line":68,"column":56}},"34":{"start":{"line":71,"column":21},"end":{"line":71,"column":43}},"35":{"start":{"line":72,"column":18},"end":{"line":81,"column":4}},"36":{"start":{"line":83,"column":2},"end":{"line":83,"column":23}},"37":{"start":{"line":84,"column":2},"end":{"line":84,"column":56}},"38":{"start":{"line":85,"column":2},"end":{"line":85,"column":58}},"39":{"start":{"line":88,"column":0},"end":{"line":103,"column":2}},"40":{"start":{"line":89,"column":18},"end":{"line":97,"column":21}},"41":{"start":{"line":98,"column":2},"end":{"line":101,"column":3}},"42":{"start":{"line":99,"column":4},"end":{"line":99,"column":45}},"43":{"start":{"line":100,"column":4},"end":{"line":100,"column":37}},"44":{"start":{"line":102,"column":2},"end":{"line":102,"column":43}},"45":{"start":{"line":105,"column":0},"end":{"line":140,"column":2}},"46":{"start":{"line":106,"column":28},"end":{"line":106,"column":38}},"47":{"start":{"line":107,"column":18},"end":{"line":109,"column":39}},"48":{"start":{"line":110,"column":2},"end":{"line":113,"column":3}},"49":{"start":{"line":111,"column":4},"end":{"line":111,"column":45}},"50":{"start":{"line":112,"column":4},"end":{"line":112,"column":43}},"51":{"start":{"line":116,"column":2},"end":{"line":124,"column":3}},"52":{"start":{"line":117,"column":4},"end":{"line":117,"column":31}},"53":{"start":{"line":118,"column":4},"end":{"line":118,"column":25}},"54":{"start":{"line":119,"column":4},"end":{"line":122,"column":6}},"55":{"start":{"line":123,"column":4},"end":{"line":123,"column":65}},"56":{"start":{"line":126,"column":2},"end":{"line":129,"column":3}},"57":{"start":{"line":127,"column":4},"end":{"line":127,"column":73}},"58":{"start":{"line":128,"column":4},"end":{"line":128,"column":65}},"59":{"start":{"line":131,"column":2},"end":{"line":131,"column":31}},"60":{"start":{"line":132,"column":2},"end":{"line":132,"column":27}},"61":{"start":{"line":133,"column":2},"end":{"line":133,"column":23}},"62":{"start":{"line":135,"column":2},"end":{"line":138,"column":4}},"63":{"start":{"line":139,"column":2},"end":{"line":139,"column":56}},"64":{"start":{"line":142,"column":0},"end":{"line":159,"column":2}},"65":{"start":{"line":143,"column":18},"end":{"line":145,"column":39}},"66":{"start":{"line":146,"column":2},"end":{"line":149,"column":3}},"67":{"start":{"line":147,"column":4},"end":{"line":147,"column":45}},"68":{"start":{"line":148,"column":4},"end":{"line":148,"column":37}},"69":{"start":{"line":151,"column":2},"end":{"line":151,"column":31}},"70":{"start":{"line":152,"column":2},"end":{"line":152,"column":23}},"71":{"start":{"line":154,"column":2},"end":{"line":157,"column":4}},"72":{"start":{"line":158,"column":2},"end":{"line":158,"column":51}}},"fnMap":{"0":{"name":"(anonymous_0)","decl":{"start":{"line":5,"column":31},"end":{"line":5,"column":32}},"loc":{"start":{"line":5,"column":51},"end":{"line":22,"column":1}},"line":5},"1":{"name":"(anonymous_1)","decl":{"start":{"line":16,"column":35},"end":{"line":16,"column":36}},"loc":{"start":{"line":16,"column":43},"end":{"line":19,"column":3}},"line":16},"2":{"name":"(anonymous_2)","decl":{"start":{"line":24,"column":31},"end":{"line":24,"column":32}},"loc":{"start":{"line":24,"column":51},"end":{"line":86,"column":1}},"line":24},"3":{"name":"(anonymous_3)","decl":{"start":{"line":88,"column":29},"end":{"line":88,"column":30}},"loc":{"start":{"line":88,"column":49},"end":{"line":103,"column":1}},"line":88},"4":{"name":"(anonymous_4)","decl":{"start":{"line":105,"column":32},"end":{"line":105,"column":33}},"loc":{"start":{"line":105,"column":52},"end":{"line":140,"column":1}},"line":105},"5":{"name":"(anonymous_5)","decl":{"start":{"line":142,"column":31},"end":{"line":142,"column":32}},"loc":{"start":{"line":142,"column":51},"end":{"line":159,"column":1}},"line":142}},"branchMap":{"0":{"loc":{"start":{"line":7,"column":2},"end":{"line":10,"column":3}},"type":"if","locations":[{"start":{"line":7,"column":2},"end":{"line":10,"column":3}},{"start":{},"end":{}}],"line":7},"1":{"loc":{"start":{"line":29,"column":2},"end":{"line":32,"column":3}},"type":"if","locations":[{"start":{"line":29,"column":2},"end":{"line":32,"column":3}},{"start":{},"end":{}}],"line":29},"2":{"loc":{"start":{"line":47,"column":2},"end":{"line":50,"column":3}},"type":"if","locations":[{"start":{"line":47,"column":2},"end":{"line":50,"column":3}},{"start":{},"end":{}}],"line":47},"3":{"loc":{"start":{"line":47,"column":6},"end":{"line":47,"column":30}},"type":"binary-expr","locations":[{"start":{"line":47,"column":6},"end":{"line":47,"column":16}},{"start":{"line":47,"column":20},"end":{"line":47,"column":30}}],"line":47},"4":{"loc":{"start":{"line":52,"column":2},"end":{"line":55,"column":3}},"type":"if","locations":[{"start":{"line":52,"column":2},"end":{"line":55,"column":3}},{"start":{},"end":{}}],"line":52},"5":{"loc":{"start":{"line":61,"column":2},"end":{"line":64,"column":3}},"type":"if","locations":[{"start":{"line":61,"column":2},"end":{"line":64,"column":3}},{"start":{},"end":{}}],"line":61},"6":{"loc":{"start":{"line":66,"column":2},"end":{"line":69,"column":3}},"type":"if","locations":[{"start":{"line":66,"column":2},"end":{"line":69,"column":3}},{"start":{},"end":{}}],"line":66},"7":{"loc":{"start":{"line":98,"column":2},"end":{"line":101,"column":3}},"type":"if","locations":[{"start":{"line":98,"column":2},"end":{"line":101,"column":3}},{"start":{},"end":{}}],"line":98},"8":{"loc":{"start":{"line":110,"column":2},"end":{"line":113,"column":3}},"type":"if","locations":[{"start":{"line":110,"column":2},"end":{"line":113,"column":3}},{"start":{},"end":{}}],"line":110},"9":{"loc":{"start":{"line":116,"column":2},"end":{"line":124,"column":3}},"type":"if","locations":[{"start":{"line":116,"column":2},"end":{"line":124,"column":3}},{"start":{},"end":{}}],"line":116},"10":{"loc":{"start":{"line":126,"column":2},"end":{"line":129,"column":3}},"type":"if","locations":[{"start":{"line":126,"column":2},"end":{"line":129,"column":3}},{"start":{},"end":{}}],"line":126},"11":{"loc":{"start":{"line":126,"column":6},"end":{"line":126,"column":68}},"type":"binary-expr","locations":[{"start":{"line":126,"column":6},"end":{"line":126,"column":36}},{"start":{"line":126,"column":40},"end":{"line":126,"column":68}}],"line":126},"12":{"loc":{"start":{"line":146,"column":2},"end":{"line":149,"column":3}},"type":"if","locations":[{"start":{"line":146,"column":2},"end":{"line":149,"column":3}},{"start":{},"end":{}}],"line":146}},"s":{"0":2,"1":2,"2":2,"3":2,"4":0,"5":0,"6":0,"7":0,"8":0,"9":0,"10":0,"11":0,"12":2,"13":0,"14":0,"15":0,"16":0,"17":0,"18":0,"19":0,"20":0,"21":0,"22":0,"23":0,"24":0,"25":0,"26":0,"27":0,"28":0,"29":0,"30":0,"31":0,"32":0,"33":0,"34":0,"35":0,"36":0,"37":0,"38":0,"39":2,"40":0,"41":0,"42":0,"43":0,"44":0,"45":2,"46":0,"47":0,"48":0,"49":0,"50":0,"51":0,"52":0,"53":0,"54":0,"55":0,"56":0,"57":0,"58":0,"59":0,"60":0,"61":0,"62":0,"63":0,"64":2,"65":0,"66":0,"67":0,"68":0,"69":0,"70":0,"71":0,"72":0},"f":{"0":0,"1":0,"2":0,"3":0,"4":0,"5":0},"b":{"0":[0,0],"1":[0,0],"2":[0,0],"3":[0,0],"4":[0,0],"5":[0,0],"6":[0,0],"7":[0,0],"8":[0,0],"9":[0,0],"10":[0,0],"11":[0,0],"12":[0,0]},"_coverageSchema":"1a1c01bbd47fc00a2c39e90264f33305004495a9","hash":"6b6259e00daf001a2d8967a59082e1affd945eda"}
,"C:\\Users\\tejas\\Desktop\\Projects\\Joya\\controllers\\host.js": {"path":"C:\\Users\\tejas\\Desktop\\Projects\\Joya\\controllers\\host.js","statementMap":{"0":{"start":{"line":2,"column":13},"end":{"line":2,"column":41}},"1":{"start":{"line":3,"column":21},"end":{"line":3,"column":56}},"2":{"start":{"line":5,"column":0},"end":{"line":16,"column":2}},"3":{"start":{"line":7,"column":2},"end":{"line":13,"column":3}},"4":{"start":{"line":8,"column":4},"end":{"line":11,"column":6}},"5":{"start":{"line":12,"column":4},"end":{"line":12,"column":38}},"6":{"start":{"line":15,"column":2},"end":{"line":15,"column":32}},"7":{"start":{"line":18,"column":0},"end":{"line":74,"column":2}},"8":{"start":{"line":19,"column":2},"end":{"line":73,"column":3}},"9":{"start":{"line":21,"column":4},"end":{"line":24,"column":5}},"10":{"start":{"line":22,"column":6},"end":{"line":22,"column":68}},"11":{"start":{"line":23,"column":6},"end":{"line":23,"column":40}},"12":{"start":{"line":26,"column":41},"end":{"line":26,"column":49}},"13":{"start":{"line":27,"column":19},"end":{"line":27,"column":31}},"14":{"start":{"line":30,"column":4},"end":{"line":33,"column":5}},"15":{"start":{"line":31,"column":6},"end":{"line":31,"column":62}},"16":{"start":{"line":32,"column":6},"end":{"line":32,"column":36}},"17":{"start":{"line":36,"column":17},"end":{"line":36,"column":44}},"18":{"start":{"line":38,"column":4},"end":{"line":41,"column":5}},"19":{"start":{"line":39,"column":6},"end":{"line":39,"column":44}},"20":{"start":{"line":40,"column":6},"end":{"line":40,"column":36}},"21":{"start":{"line":44,"column":4},"end":{"line":54,"column":6}},"22":{"start":{"line":57,"column":4},"end":{"line":57,"column":23}},"23":{"start":{"line":59,"column":4},"end":{"line":59,"column":22}},"24":{"start":{"line":61,"column":4},"end":{"line":64,"column":6}},"25":{"start":{"line":65,"column":4},"end":{"line":65,"column":30}},"26":{"start":{"line":67,"column":4},"end":{"line":67,"column":52}},"27":{"start":{"line":68,"column":4},"end":{"line":71,"column":6}},"28":{"start":{"line":72,"column":4},"end":{"line":72,"column":27}}},"fnMap":{"0":{"name":"(anonymous_0)","decl":{"start":{"line":5,"column":33},"end":{"line":5,"column":34}},"loc":{"start":{"line":5,"column":53},"end":{"line":16,"column":1}},"line":5},"1":{"name":"(anonymous_1)","decl":{"start":{"line":18,"column":35},"end":{"line":18,"column":36}},"loc":{"start":{"line":18,"column":55},"end":{"line":74,"column":1}},"line":18}},"branchMap":{"0":{"loc":{"start":{"line":7,"column":2},"end":{"line":13,"column":3}},"type":"if","locations":[{"start":{"line":7,"column":2},"end":{"line":13,"column":3}},{"start":{},"end":{}}],"line":7},"1":{"loc":{"start":{"line":21,"column":4},"end":{"line":24,"column":5}},"type":"if","locations":[{"start":{"line":21,"column":4},"end":{"line":24,"column":5}},{"start":{},"end":{}}],"line":21},"2":{"loc":{"start":{"line":30,"column":4},"end":{"line":33,"column":5}},"type":"if","locations":[{"start":{"line":30,"column":4},"end":{"line":33,"column":5}},{"start":{},"end":{}}],"line":30},"3":{"loc":{"start":{"line":38,"column":4},"end":{"line":41,"column":5}},"type":"if","locations":[{"start":{"line":38,"column":4},"end":{"line":41,"column":5}},{"start":{},"end":{}}],"line":38}},"s":{"0":2,"1":2,"2":2,"3":0,"4":0,"5":0,"6":0,"7":2,"8":0,"9":0,"10":0,"11":0,"12":0,"13":0,"14":0,"15":0,"16":0,"17":0,"18":0,"19":0,"20":0,"21":0,"22":0,"23":0,"24":0,"25":0,"26":0,"27":0,"28":0},"f":{"0":0,"1":0},"b":{"0":[0,0],"1":[0,0],"2":[0,0],"3":[0,0]},"_coverageSchema":"1a1c01bbd47fc00a2c39e90264f33305004495a9","hash":"c0e250a92f611c963f3e06df9a39f9a06e8a5c1b"}
,"C:\\Users\\tejas\\Desktop\\Projects\\Joya\\controllers\\listing.js": {"path":"C:\\Users\\tejas\\Desktop\\Projects\\Joya\\controllers\\listing.js","statementMap":{"0":{"start":{"line":2,"column":19},"end":{"line":2,"column":43}},"1":{"start":{"line":5,"column":21},"end":{"line":5,"column":69}},"2":{"start":{"line":6,"column":17},"end":{"line":6,"column":38}},"3":{"start":{"line":7,"column":24},"end":{"line":7,"column":63}},"4":{"start":{"line":15,"column":4},"end":{"line":15,"column":36}},"5":{"start":{"line":16,"column":43},"end":{"line":16,"column":72}},"6":{"start":{"line":19,"column":16},"end":{"line":19,"column":47}},"7":{"start":{"line":21,"column":0},"end":{"line":156,"column":2}},"8":{"start":{"line":22,"column":66},"end":{"line":22,"column":75}},"9":{"start":{"line":23,"column":15},"end":{"line":23,"column":17}},"10":{"start":{"line":24,"column":13},"end":{"line":24,"column":15}},"11":{"start":{"line":27,"column":2},"end":{"line":61,"column":3}},"12":{"start":{"line":28,"column":23},"end":{"line":28,"column":31}},"13":{"start":{"line":29,"column":18},"end":{"line":29,"column":75}},"14":{"start":{"line":29,"column":59},"end":{"line":29,"column":74}},"15":{"start":{"line":32,"column":29},"end":{"line":32,"column":31}},"16":{"start":{"line":35,"column":4},"end":{"line":46,"column":7}},"17":{"start":{"line":36,"column":26},"end":{"line":36,"column":69}},"18":{"start":{"line":37,"column":24},"end":{"line":37,"column":52}},"19":{"start":{"line":39,"column":6},"end":{"line":45,"column":8}},"20":{"start":{"line":49,"column":23},"end":{"line":52,"column":5}},"21":{"start":{"line":53,"column":28},"end":{"line":58,"column":5}},"22":{"start":{"line":60,"column":4},"end":{"line":60,"column":59}},"23":{"start":{"line":64,"column":2},"end":{"line":66,"column":3}},"24":{"start":{"line":65,"column":4},"end":{"line":65,"column":31}},"25":{"start":{"line":69,"column":2},"end":{"line":73,"column":3}},"26":{"start":{"line":70,"column":4},"end":{"line":70,"column":22}},"27":{"start":{"line":71,"column":4},"end":{"line":71,"column":57}},"28":{"start":{"line":71,"column":18},"end":{"line":71,"column":57}},"29":{"start":{"line":72,"column":4},"end":{"line":72,"column":57}},"30":{"start":{"line":72,"column":18},"end":{"line":72,"column":57}},"31":{"start":{"line":76,"column":2},"end":{"line":79,"column":3}},"32":{"start":{"line":77,"column":26},"end":{"line":77,"column":79}},"33":{"start":{"line":78,"column":4},"end":{"line":78,"column":48}},"34":{"start":{"line":82,"column":2},"end":{"line":102,"column":3}},"35":{"start":{"line":84,"column":6},"end":{"line":84,"column":21}},"36":{"start":{"line":85,"column":6},"end":{"line":85,"column":12}},"37":{"start":{"line":87,"column":6},"end":{"line":87,"column":22}},"38":{"start":{"line":88,"column":6},"end":{"line":88,"column":12}},"39":{"start":{"line":91,"column":6},"end":{"line":91,"column":12}},"40":{"start":{"line":93,"column":6},"end":{"line":93,"column":20}},"41":{"start":{"line":94,"column":6},"end":{"line":94,"column":12}},"42":{"start":{"line":97,"column":6},"end":{"line":101,"column":7}},"43":{"start":{"line":100,"column":8},"end":{"line":100,"column":22}},"44":{"start":{"line":104,"column":22},"end":{"line":104,"column":79}},"45":{"start":{"line":106,"column":2},"end":{"line":113,"column":5}},"46":{"start":{"line":107,"column":4},"end":{"line":107,"column":54}},"47":{"start":{"line":110,"column":4},"end":{"line":112,"column":5}},"48":{"start":{"line":111,"column":6},"end":{"line":111,"column":74}},"49":{"start":{"line":116,"column":2},"end":{"line":123,"column":3}},"50":{"start":{"line":117,"column":4},"end":{"line":117,"column":72}},"51":{"start":{"line":117,"column":31},"end":{"line":117,"column":70}},"52":{"start":{"line":118,"column":9},"end":{"line":123,"column":3}},"53":{"start":{"line":120,"column":4},"end":{"line":122,"column":6}},"54":{"start":{"line":121,"column":16},"end":{"line":121,"column":65}},"55":{"start":{"line":126,"column":21},"end":{"line":126,"column":23}},"56":{"start":{"line":127,"column":2},"end":{"line":131,"column":3}},"57":{"start":{"line":128,"column":17},"end":{"line":128,"column":45}},"58":{"start":{"line":129,"column":17},"end":{"line":129,"column":69}},"59":{"start":{"line":130,"column":4},"end":{"line":130,"column":60}},"60":{"start":{"line":130,"column":45},"end":{"line":130,"column":58}},"61":{"start":{"line":134,"column":2},"end":{"line":138,"column":3}},"62":{"start":{"line":135,"column":28},"end":{"line":135,"column":66}},"63":{"start":{"line":136,"column":4},"end":{"line":136,"column":70}},"64":{"start":{"line":137,"column":4},"end":{"line":137,"column":76}},"65":{"start":{"line":140,"column":2},"end":{"line":155,"column":5}},"66":{"start":{"line":160,"column":14},"end":{"line":160,"column":15}},"67":{"start":{"line":161,"column":21},"end":{"line":161,"column":40}},"68":{"start":{"line":162,"column":16},"end":{"line":162,"column":39}},"69":{"start":{"line":165,"column":2},"end":{"line":167,"column":3}},"70":{"start":{"line":166,"column":4},"end":{"line":166,"column":16}},"71":{"start":{"line":168,"column":2},"end":{"line":172,"column":5}},"72":{"start":{"line":169,"column":4},"end":{"line":171,"column":5}},"73":{"start":{"line":170,"column":6},"end":{"line":170,"column":17}},"74":{"start":{"line":175,"column":2},"end":{"line":177,"column":3}},"75":{"start":{"line":176,"column":4},"end":{"line":176,"column":15}},"76":{"start":{"line":178,"column":2},"end":{"line":182,"column":5}},"77":{"start":{"line":179,"column":4},"end":{"line":181,"column":5}},"78":{"start":{"line":180,"column":6},"end":{"line":180,"column":17}},"79":{"start":{"line":185,"column":2},"end":{"line":187,"column":3}},"80":{"start":{"line":186,"column":4},"end":{"line":186,"column":15}},"81":{"start":{"line":190,"column":2},"end":{"line":195,"column":3}},"82":{"start":{"line":194,"column":4},"end":{"line":194,"column":15}},"83":{"start":{"line":196,"column":2},"end":{"line":203,"column":5}},"84":{"start":{"line":197,"column":4},"end":{"line":202,"column":5}},"85":{"start":{"line":201,"column":6},"end":{"line":201,"column":17}},"86":{"start":{"line":206,"column":2},"end":{"line":217,"column":3}},"87":{"start":{"line":207,"column":4},"end":{"line":216,"column":7}},"88":{"start":{"line":208,"column":6},"end":{"line":210,"column":7}},"89":{"start":{"line":209,"column":8},"end":{"line":209,"column":19}},"90":{"start":{"line":211,"column":6},"end":{"line":215,"column":9}},"91":{"start":{"line":212,"column":8},"end":{"line":214,"column":9}},"92":{"start":{"line":213,"column":10},"end":{"line":213,"column":21}},"93":{"start":{"line":220,"column":2},"end":{"line":222,"column":3}},"94":{"start":{"line":221,"column":4},"end":{"line":221,"column":37}},"95":{"start":{"line":224,"column":2},"end":{"line":224,"column":15}},"96":{"start":{"line":227,"column":0},"end":{"line":229,"column":2}},"97":{"start":{"line":228,"column":2},"end":{"line":228,"column":55}},"98":{"start":{"line":231,"column":0},"end":{"line":255,"column":2}},"99":{"start":{"line":232,"column":13},"end":{"line":232,"column":26}},"100":{"start":{"line":233,"column":18},"end":{"line":240,"column":22}},"101":{"start":{"line":241,"column":2},"end":{"line":244,"column":3}},"102":{"start":{"line":242,"column":4},"end":{"line":242,"column":71}},"103":{"start":{"line":243,"column":4},"end":{"line":243,"column":37}},"104":{"start":{"line":245,"column":20},"end":{"line":245,"column":49}},"105":{"start":{"line":246,"column":24},"end":{"line":246,"column":57}},"106":{"start":{"line":248,"column":2},"end":{"line":254,"column":5}},"107":{"start":{"line":257,"column":0},"end":{"line":273,"column":2}},"108":{"start":{"line":258,"column":17},"end":{"line":263,"column":11}},"109":{"start":{"line":264,"column":12},"end":{"line":264,"column":25}},"110":{"start":{"line":265,"column":17},"end":{"line":265,"column":34}},"111":{"start":{"line":266,"column":21},"end":{"line":266,"column":50}},"112":{"start":{"line":267,"column":2},"end":{"line":267,"column":34}},"113":{"start":{"line":268,"column":2},"end":{"line":268,"column":39}},"114":{"start":{"line":269,"column":2},"end":{"line":269,"column":59}},"115":{"start":{"line":270,"column":2},"end":{"line":270,"column":26}},"116":{"start":{"line":271,"column":2},"end":{"line":271,"column":43}},"117":{"start":{"line":272,"column":2},"end":{"line":272,"column":28}},"118":{"start":{"line":275,"column":0},"end":{"line":293,"column":2}},"119":{"start":{"line":276,"column":13},"end":{"line":276,"column":26}},"120":{"start":{"line":277,"column":18},"end":{"line":277,"column":44}},"121":{"start":{"line":278,"column":2},"end":{"line":281,"column":3}},"122":{"start":{"line":279,"column":4},"end":{"line":279,"column":71}},"123":{"start":{"line":280,"column":4},"end":{"line":280,"column":37}},"124":{"start":{"line":282,"column":25},"end":{"line":282,"column":42}},"125":{"start":{"line":283,"column":2},"end":{"line":286,"column":4}},"126":{"start":{"line":287,"column":2},"end":{"line":292,"column":5}},"127":{"start":{"line":295,"column":0},"end":{"line":315,"column":2}},"128":{"start":{"line":296,"column":13},"end":{"line":296,"column":26}},"129":{"start":{"line":297,"column":16},"end":{"line":297,"column":76}},"130":{"start":{"line":299,"column":17},"end":{"line":304,"column":11}},"131":{"start":{"line":305,"column":2},"end":{"line":310,"column":3}},"132":{"start":{"line":306,"column":14},"end":{"line":306,"column":27}},"133":{"start":{"line":307,"column":19},"end":{"line":307,"column":36}},"134":{"start":{"line":308,"column":4},"end":{"line":308,"column":38}},"135":{"start":{"line":309,"column":4},"end":{"line":309,"column":25}},"136":{"start":{"line":311,"column":2},"end":{"line":311,"column":56}},"137":{"start":{"line":312,"column":2},"end":{"line":312,"column":23}},"138":{"start":{"line":313,"column":2},"end":{"line":313,"column":48}},"139":{"start":{"line":314,"column":2},"end":{"line":314,"column":34}},"140":{"start":{"line":317,"column":0},"end":{"line":326,"column":2}},"141":{"start":{"line":318,"column":13},"end":{"line":318,"column":26}},"142":{"start":{"line":319,"column":18},"end":{"line":319,"column":44}},"143":{"start":{"line":320,"column":2},"end":{"line":322,"column":3}},"144":{"start":{"line":321,"column":4},"end":{"line":321,"column":62}},"145":{"start":{"line":323,"column":2},"end":{"line":323,"column":38}},"146":{"start":{"line":324,"column":2},"end":{"line":324,"column":48}},"147":{"start":{"line":325,"column":2},"end":{"line":325,"column":28}}},"fnMap":{"0":{"name":"(anonymous_0)","decl":{"start":{"line":21,"column":23},"end":{"line":21,"column":24}},"loc":{"start":{"line":21,"column":43},"end":{"line":156,"column":1}},"line":21},"1":{"name":"(anonymous_1)","decl":{"start":{"line":29,"column":49},"end":{"line":29,"column":50}},"loc":{"start":{"line":29,"column":59},"end":{"line":29,"column":74}},"line":29},"2":{"name":"(anonymous_2)","decl":{"start":{"line":35,"column":18},"end":{"line":35,"column":19}},"loc":{"start":{"line":35,"column":28},"end":{"line":46,"column":5}},"line":35},"3":{"name":"(anonymous_3)","decl":{"start":{"line":106,"column":22},"end":{"line":106,"column":23}},"loc":{"start":{"line":106,"column":35},"end":{"line":113,"column":3}},"line":106},"4":{"name":"(anonymous_4)","decl":{"start":{"line":117,"column":21},"end":{"line":117,"column":22}},"loc":{"start":{"line":117,"column":31},"end":{"line":117,"column":70}},"line":117},"5":{"name":"(anonymous_5)","decl":{"start":{"line":121,"column":6},"end":{"line":121,"column":7}},"loc":{"start":{"line":121,"column":16},"end":{"line":121,"column":65}},"line":121},"6":{"name":"(anonymous_6)","decl":{"start":{"line":130,"column":37},"end":{"line":130,"column":38}},"loc":{"start":{"line":130,"column":45},"end":{"line":130,"column":58}},"line":130},"7":{"name":"calculateRelevanceScore","decl":{"start":{"line":159,"column":9},"end":{"line":159,"column":32}},"loc":{"start":{"line":159,"column":49},"end":{"line":225,"column":1}},"line":159},"8":{"name":"(anonymous_8)","decl":{"start":{"line":168,"column":16},"end":{"line":168,"column":17}},"loc":{"start":{"line":168,"column":26},"end":{"line":172,"column":3}},"line":168},"9":{"name":"(anonymous_9)","decl":{"start":{"line":178,"column":16},"end":{"line":178,"column":17}},"loc":{"start":{"line":178,"column":26},"end":{"line":182,"column":3}},"line":178},"10":{"name":"(anonymous_10)","decl":{"start":{"line":196,"column":16},"end":{"line":196,"column":17}},"loc":{"start":{"line":196,"column":26},"end":{"line":203,"column":3}},"line":196},"11":{"name":"(anonymous_11)","decl":{"start":{"line":207,"column":31},"end":{"line":207,"column":32}},"loc":{"start":{"line":207,"column":45},"end":{"line":216,"column":5}},"line":207},"12":{"name":"(anonymous_12)","decl":{"start":{"line":211,"column":20},"end":{"line":211,"column":21}},"loc":{"start":{"line":211,"column":30},"end":{"line":215,"column":7}},"line":211},"13":{"name":"(anonymous_13)","decl":{"start":{"line":227,"column":31},"end":{"line":227,"column":32}},"loc":{"start":{"line":227,"column":45},"end":{"line":229,"column":1}},"line":227},"14":{"name":"(anonymous_14)","decl":{"start":{"line":231,"column":30},"end":{"line":231,"column":31}},"loc":{"start":{"line":231,"column":50},"end":{"line":255,"column":1}},"line":231},"15":{"name":"(anonymous_15)","decl":{"start":{"line":257,"column":31},"end":{"line":257,"column":32}},"loc":{"start":{"line":257,"column":51},"end":{"line":273,"column":1}},"line":257},"16":{"name":"(anonymous_16)","decl":{"start":{"line":275,"column":32},"end":{"line":275,"column":33}},"loc":{"start":{"line":275,"column":52},"end":{"line":293,"column":1}},"line":275},"17":{"name":"(anonymous_17)","decl":{"start":{"line":295,"column":31},"end":{"line":295,"column":32}},"loc":{"start":{"line":295,"column":51},"end":{"line":315,"column":1}},"line":295},"18":{"name":"(anonymous_18)","decl":{"start":{"line":317,"column":32},"end":{"line":317,"column":33}},"loc":{"start":{"line":317,"column":52},"end":{"line":326,"column":1}},"line":317}},"branchMap":{"0":{"loc":{"start":{"line":27,"column":2},"end":{"line":61,"column":3}},"type":"if","locations":[{"start":{"line":27,"column":2},"end":{"line":61,"column":3}},{"start":{},"end":{}}],"line":27},"1":{"loc":{"start":{"line":27,"column":6},"end":{"line":27,"column":19}},"type":"binary-expr","locations":[{"start":{"line":27,"column":6},"end":{"line":27,"column":7}},{"start":{"line":27,"column":11},"end":{"line":27,"column":19}}],"line":27},"2":{"loc":{"start":{"line":64,"column":2},"end":{"line":66,"column":3}},"type":"if","locations":[{"start":{"line":64,"column":2},"end":{"line":66,"column":3}},{"start":{},"end":{}}],"line":64},"3":{"loc":{"start":{"line":64,"column":6},"end":{"line":64,"column":36}},"type":"binary-expr","locations":[{"start":{"line":64,"column":6},"end":{"line":64,"column":14}},{"start":{"line":64,"column":18},"end":{"line":64,"column":36}}],"line":64},"4":{"loc":{"start":{"line":69,"column":2},"end":{"line":73,"column":3}},"type":"if","locations":[{"start":{"line":69,"column":2},"end":{"line":73,"column":3}},{"start":{},"end":{}}],"line":69},"5":{"loc":{"start":{"line":69,"column":6},"end":{"line":69,"column":26}},"type":"binary-expr","locations":[{"start":{"line":69,"column":6},"end":{"line":69,"column":14}},{"start":{"line":69,"column":18},"end":{"line":69,"column":26}}],"line":69},"6":{"loc":{"start":{"line":71,"column":4},"end":{"line":71,"column":57}},"type":"if","locations":[{"start":{"line":71,"column":4},"end":{"line":71,"column":57}},{"start":{},"end":{}}],"line":71},"7":{"loc":{"start":{"line":72,"column":4},"end":{"line":72,"column":57}},"type":"if","locations":[{"start":{"line":72,"column":4},"end":{"line":72,"column":57}},{"start":{},"end":{}}],"line":72},"8":{"loc":{"start":{"line":76,"column":2},"end":{"line":79,"column":3}},"type":"if","locations":[{"start":{"line":76,"column":2},"end":{"line":79,"column":3}},{"start":{},"end":{}}],"line":76},"9":{"loc":{"start":{"line":77,"column":26},"end":{"line":77,"column":79}},"type":"cond-expr","locations":[{"start":{"line":77,"column":54},"end":{"line":77,"column":64}},{"start":{"line":77,"column":67},"end":{"line":77,"column":79}}],"line":77},"10":{"loc":{"start":{"line":82,"column":2},"end":{"line":102,"column":3}},"type":"switch","locations":[{"start":{"line":83,"column":4},"end":{"line":85,"column":12}},{"start":{"line":86,"column":4},"end":{"line":88,"column":12}},{"start":{"line":89,"column":4},"end":{"line":91,"column":12}},{"start":{"line":92,"column":4},"end":{"line":94,"column":12}},{"start":{"line":95,"column":4},"end":{"line":101,"column":7}}],"line":82},"11":{"loc":{"start":{"line":97,"column":6},"end":{"line":101,"column":7}},"type":"if","locations":[{"start":{"line":97,"column":6},"end":{"line":101,"column":7}},{"start":{"line":99,"column":13},"end":{"line":101,"column":7}}],"line":97},"12":{"loc":{"start":{"line":110,"column":4},"end":{"line":112,"column":5}},"type":"if","locations":[{"start":{"line":110,"column":4},"end":{"line":112,"column":5}},{"start":{},"end":{}}],"line":110},"13":{"loc":{"start":{"line":110,"column":8},"end":{"line":110,"column":21}},"type":"binary-expr","locations":[{"start":{"line":110,"column":8},"end":{"line":110,"column":9}},{"start":{"line":110,"column":13},"end":{"line":110,"column":21}}],"line":110},"14":{"loc":{"start":{"line":116,"column":2},"end":{"line":123,"column":3}},"type":"if","locations":[{"start":{"line":116,"column":2},"end":{"line":123,"column":3}},{"start":{"line":118,"column":9},"end":{"line":123,"column":3}}],"line":116},"15":{"loc":{"start":{"line":117,"column":32},"end":{"line":117,"column":48}},"type":"binary-expr","locations":[{"start":{"line":117,"column":32},"end":{"line":117,"column":43}},{"start":{"line":117,"column":47},"end":{"line":117,"column":48}}],"line":117},"16":{"loc":{"start":{"line":117,"column":53},"end":{"line":117,"column":69}},"type":"binary-expr","locations":[{"start":{"line":117,"column":53},"end":{"line":117,"column":64}},{"start":{"line":117,"column":68},"end":{"line":117,"column":69}}],"line":117},"17":{"loc":{"start":{"line":118,"column":9},"end":{"line":123,"column":3}},"type":"if","locations":[{"start":{"line":118,"column":9},"end":{"line":123,"column":3}},{"start":{},"end":{}}],"line":118},"18":{"loc":{"start":{"line":118,"column":13},"end":{"line":118,"column":37}},"type":"binary-expr","locations":[{"start":{"line":118,"column":13},"end":{"line":118,"column":14}},{"start":{"line":118,"column":18},"end":{"line":118,"column":26}},{"start":{"line":118,"column":30},"end":{"line":118,"column":37}}],"line":118},"19":{"loc":{"start":{"line":121,"column":17},"end":{"line":121,"column":38}},"type":"binary-expr","locations":[{"start":{"line":121,"column":17},"end":{"line":121,"column":33}},{"start":{"line":121,"column":37},"end":{"line":121,"column":38}}],"line":121},"20":{"loc":{"start":{"line":121,"column":43},"end":{"line":121,"column":64}},"type":"binary-expr","locations":[{"start":{"line":121,"column":43},"end":{"line":121,"column":59}},{"start":{"line":121,"column":63},"end":{"line":121,"column":64}}],"line":121},"21":{"loc":{"start":{"line":127,"column":2},"end":{"line":131,"column":3}},"type":"if","locations":[{"start":{"line":127,"column":2},"end":{"line":131,"column":3}},{"start":{},"end":{}}],"line":127},"22":{"loc":{"start":{"line":134,"column":2},"end":{"line":138,"column":3}},"type":"if","locations":[{"start":{"line":134,"column":2},"end":{"line":138,"column":3}},{"start":{},"end":{}}],"line":134},"23":{"loc":{"start":{"line":134,"column":6},"end":{"line":134,"column":19}},"type":"binary-expr","locations":[{"start":{"line":134,"column":6},"end":{"line":134,"column":7}},{"start":{"line":134,"column":11},"end":{"line":134,"column":19}}],"line":134},"24":{"loc":{"start":{"line":146,"column":17},"end":{"line":146,"column":24}},"type":"binary-expr","locations":[{"start":{"line":146,"column":17},"end":{"line":146,"column":18}},{"start":{"line":146,"column":22},"end":{"line":146,"column":24}}],"line":146},"25":{"loc":{"start":{"line":148,"column":16},"end":{"line":148,"column":33}},"type":"binary-expr","locations":[{"start":{"line":148,"column":16},"end":{"line":148,"column":24}},{"start":{"line":148,"column":28},"end":{"line":148,"column":33}}],"line":148},"26":{"loc":{"start":{"line":149,"column":16},"end":{"line":149,"column":30}},"type":"binary-expr","locations":[{"start":{"line":149,"column":16},"end":{"line":149,"column":24}},{"start":{"line":149,"column":28},"end":{"line":149,"column":30}}],"line":149},"27":{"loc":{"start":{"line":150,"column":16},"end":{"line":150,"column":30}},"type":"binary-expr","locations":[{"start":{"line":150,"column":16},"end":{"line":150,"column":24}},{"start":{"line":150,"column":28},"end":{"line":150,"column":30}}],"line":150},"28":{"loc":{"start":{"line":151,"column":18},"end":{"line":151,"column":34}},"type":"binary-expr","locatio
[...]
,"column":5}},"52":{"start":{"line":147,"column":6},"end":{"line":147,"column":38}},"53":{"start":{"line":148,"column":6},"end":{"line":148,"column":66}},"54":{"start":{"line":150,"column":6},"end":{"line":150,"column":54}},"55":{"start":{"line":155,"column":0},"end":{"line":155,"column":36}}},"fnMap":{"0":{"name":"(anonymous_0)","decl":{"start":{"line":8,"column":2},"end":{"line":8,"column":3}},"loc":{"start":{"line":8,"column":16},"end":{"line":12,"column":3}},"line":8},"1":{"name":"(anonymous_1)","decl":{"start":{"line":14,"column":2},"end":{"line":14,"column":3}},"loc":{"start":{"line":14,"column":32},"end":{"line":51,"column":3}},"line":14},"2":{"name":"(anonymous_2)","decl":{"start":{"line":38,"column":18},"end":{"line":38,"column":19}},"loc":{"start":{"line":38,"column":37},"end":{"line":45,"column":9}},"line":38},"3":{"name":"(anonymous_3)","decl":{"start":{"line":46,"column":16},"end":{"line":46,"column":17}},"loc":{"start":{"line":46,"column":28},"end":{"line":46,"column":32}},"line":46},"4":{"name":"(anonymous_4)","decl":{"start":{"line":53,"column":2},"end":{"line":53,"column":3}},"loc":{"start":{"line":53,"column":28},"end":{"line":57,"column":3}},"line":53},"5":{"name":"(anonymous_5)","decl":{"start":{"line":60,"column":2},"end":{"line":60,"column":3}},"loc":{"start":{"line":60,"column":38},"end":{"line":107,"column":3}},"line":60},"6":{"name":"(anonymous_6)","decl":{"start":{"line":99,"column":26},"end":{"line":99,"column":27}},"loc":{"start":{"line":99,"column":39},"end":{"line":99,"column":74}},"line":99},"7":{"name":"(anonymous_7)","decl":{"start":{"line":110,"column":2},"end":{"line":110,"column":3}},"loc":{"start":{"line":110,"column":64},"end":{"line":141,"column":3}},"line":110},"8":{"name":"(anonymous_8)","decl":{"start":{"line":143,"column":2},"end":{"line":143,"column":3}},"loc":{"start":{"line":143,"column":25},"end":{"line":152,"column":3}},"line":143}},"branchMap":{"0":{"loc":{"start":{"line":15,"column":4},"end":{"line":15,"column":35}},"type":"if","locations":[{"start":{"line":15,"column":4},"end":{"line":15,"column":35}},{"start":{},"end":{}}],"line":15},"1":{"loc":{"start":{"line":54,"column":4},"end":{"line":56,"column":5}},"type":"if","locations":[{"start":{"line":54,"column":4},"end":{"line":56,"column":5}},{"start":{},"end":{}}],"line":54},"2":{"loc":{"start":{"line":83,"column":8},"end":{"line":89,"column":9}},"type":"if","locations":[{"start":{"line":83,"column":8},"end":{"line":89,"column":9}},{"start":{},"end":{}}],"line":83},"3":{"loc":{"start":{"line":83,"column":12},"end":{"line":83,"column":72}},"type":"binary-expr","locations":[{"start":{"line":83,"column":12},"end":{"line":83,"column":28}},{"start":{"line":83,"column":32},"end":{"line":83,"column":72}}],"line":83},"4":{"loc":{"start":{"line":95,"column":8},"end":{"line":97,"column":9}},"type":"if","locations":[{"start":{"line":95,"column":8},"end":{"line":97,"column":9}},{"start":{},"end":{}}],"line":95},"5":{"loc":{"start":{"line":105,"column":13},"end":{"line":105,"column":56}},"type":"binary-expr","locations":[{"start":{"line":105,"column":13},"end":{"line":105,"column":31}},{"start":{"line":105,"column":35},"end":{"line":105,"column":56}}],"line":105},"6":{"loc":{"start":{"line":129,"column":6},"end":{"line":135,"column":7}},"type":"if","locations":[{"start":{"line":129,"column":6},"end":{"line":135,"column":7}},{"start":{},"end":{}}],"line":129},"7":{"loc":{"start":{"line":129,"column":10},"end":{"line":129,"column":70}},"type":"binary-expr","locations":[{"start":{"line":129,"column":10},"end":{"line":129,"column":26}},{"start":{"line":129,"column":30},"end":{"line":129,"column":70}}],"line":129}},"s":{"0":2,"1":2,"2":2,"3":2,"4":2,"5":2,"6":2,"7":0,"8":2,"9":2,"10":0,"11":0,"12":0,"13":2,"14":2,"15":0,"16":0,"17":0,"18":2,"19":0,"20":0,"21":0,"22":0,"23":0,"24":0,"25":0,"26":0,"27":0,"28":0,"29":0,"30":0,"31":0,"32":0,"33":0,"34":0,"35":0,"36":0,"37":0,"38":0,"39":0,"40":0,"41":0,"42":0,"43":0,"44":0,"45":0,"46":0,"47":0,"48":0,"49":0,"50":0,"51":0,"52":0,"53":0,"54":0,"55":2},"f":{"0":2,"1":2,"2":0,"3":0,"4":0,"5":0,"6":0,"7":0,"8":0},"b":{"0":[0,2],"1":[0,0],"2":[0,0],"3":[0,0],"4":[0,0],"5":[0,0],"6":[0,0],"7":[0,0]},"_coverageSchema":"1a1c01bbd47fc00a2c39e90264f33305004495a9","hash":"2d71dec08b00655c68717bb3c4ee38050cec0935"}
,"C:\\Users\\tejas\\Desktop\\Projects\\Joya\\utils\\review.js": {"path":"C:\\Users\\tejas\\Desktop\\Projects\\Joya\\utils\\review.js","statementMap":{"0":{"start":{"line":2,"column":2},"end":{"line":2,"column":49}},"1":{"start":{"line":2,"column":40},"end":{"line":2,"column":49}},"2":{"start":{"line":3,"column":16},"end":{"line":3,"column":61}},"3":{"start":{"line":3,"column":43},"end":{"line":3,"column":57}},"4":{"start":{"line":4,"column":2},"end":{"line":4,"column":32}},"5":{"start":{"line":8,"column":20},"end":{"line":8,"column":52}},"6":{"start":{"line":9,"column":2},"end":{"line":9,"column":33}},"7":{"start":{"line":9,"column":16},"end":{"line":9,"column":33}},"8":{"start":{"line":11,"column":2},"end":{"line":15,"column":3}},"9":{"start":{"line":12,"column":4},"end":{"line":14,"column":5}},"10":{"start":{"line":13,"column":6},"end":{"line":13,"column":33}},"11":{"start":{"line":16,"column":2},"end":{"line":16,"column":19}},"12":{"start":{"line":19,"column":0},"end":{"line":22,"column":2}}},"fnMap":{"0":{"name":"getAvgRating","decl":{"start":{"line":1,"column":9},"end":{"line":1,"column":21}},"loc":{"start":{"line":1,"column":31},"end":{"line":5,"column":1}},"line":1},"1":{"name":"(anonymous_1)","decl":{"start":{"line":3,"column":31},"end":{"line":3,"column":32}},"loc":{"start":{"line":3,"column":43},"end":{"line":3,"column":57}},"line":3},"2":{"name":"getStarBreakdown","decl":{"start":{"line":7,"column":9},"end":{"line":7,"column":25}},"loc":{"start":{"line":7,"column":35},"end":{"line":17,"column":1}},"line":7}},"branchMap":{"0":{"loc":{"start":{"line":2,"column":2},"end":{"line":2,"column":49}},"type":"if","locations":[{"start":{"line":2,"column":2},"end":{"line":2,"column":49}},{"start":{},"end":{}}],"line":2},"1":{"loc":{"start":{"line":2,"column":6},"end":{"line":2,"column":38}},"type":"binary-expr","locations":[{"start":{"line":2,"column":6},"end":{"line":2,"column":14}},{"start":{"line":2,"column":18},"end":{"line":2,"column":38}}],"line":2},"2":{"loc":{"start":{"line":9,"column":2},"end":{"line":9,"column":33}},"type":"if","locations":[{"start":{"line":9,"column":2},"end":{"line":9,"column":33}},{"start":{},"end":{}}],"line":9},"3":{"loc":{"start":{"line":12,"column":4},"end":{"line":14,"column":5}},"type":"if","locations":[{"start":{"line":12,"column":4},"end":{"line":14,"column":5}},{"start":{},"end":{}}],"line":12}},"s":{"0":6,"1":4,"2":2,"3":6,"4":2,"5":1,"6":1,"7":0,"8":1,"9":5,"10":5,"11":1,"12":3},"f":{"0":6,"1":6,"2":1},"b":{"0":[4,2],"1":[6,4],"2":[0,1],"3":[5,0]},"_coverageSchema":"1a1c01bbd47fc00a2c39e90264f33305004495a9","hash":"3fedfa66ba484a60fb97fb5e57b953faf729aaf9"}
,"C:\\Users\\tejas\\Desktop\\Projects\\Joya\\utils\\searchAnalytics.js": {"path":"C:\\Users\\tejas\\Desktop\\Projects\\Joya\\utils\\searchAnalytics.js","statementMap":{"0":{"start":{"line":4,"column":11},"end":{"line":4,"column":33}},"1":{"start":{"line":5,"column":13},"end":{"line":5,"column":28}},"2":{"start":{"line":9,"column":4},"end":{"line":9,"column":73}},"3":{"start":{"line":10,"column":4},"end":{"line":16,"column":6}},"4":{"start":{"line":17,"column":4},"end":{"line":17,"column":25}},"5":{"start":{"line":21,"column":4},"end":{"line":27,"column":5}},"6":{"start":{"line":22,"column":19},"end":{"line":22,"column":58}},"7":{"start":{"line":23,"column":6},"end":{"line":23,"column":66}},"8":{"start":{"line":26,"column":6},"end":{"line":26,"column":56}},"9":{"start":{"line":31,"column":4},"end":{"line":39,"column":5}},"10":{"start":{"line":33,"column":22},"end":{"line":33,"column":48}},"11":{"start":{"line":34,"column":6},"end":{"line":34,"column":51}},"12":{"start":{"line":36,"column":6},"end":{"line":36,"column":80}},"13":{"start":{"line":38,"column":6},"end":{"line":38,"column":61}},"14":{"start":{"line":43,"column":4},"end":{"line":43,"column":46}},"15":{"start":{"line":43,"column":39},"end":{"line":43,"column":46}},"16":{"start":{"line":45,"column":28},"end":{"line":45,"column":54}},"17":{"start":{"line":46,"column":18},"end":{"line":46,"column":56}},"18":{"start":{"line":49,"column":4},"end":{"line":49,"column":35}},"19":{"start":{"line":52,"column":4},"end":{"line":54,"column":5}},"20":{"start":{"line":53,"column":6},"end":{"line":53,"column":57}},"21":{"start":{"line":55,"column":4},"end":{"line":55,"column":53}},"22":{"start":{"line":58,"column":4},"end":{"line":71,"column":5}},"23":{"start":{"line":59,"column":6},"end":{"line":64,"column":9}},"24":{"start":{"line":67,"column":6},"end":{"line":70,"column":7}},"25":{"start":{"line":68,"column":8},"end":{"line":69,"column":54}},"26":{"start":{"line":74,"column":4},"end":{"line":80,"column":5}},"27":{"start":{"line":75,"column":6},"end":{"line":79,"column":8}},"28":{"start":{"line":82,"column":22},"end":{"line":82,"column":56}},"29":{"start":{"line":83,"column":4},"end":{"line":83,"column":22}},"30":{"start":{"line":84,"column":4},"end":{"line":86,"column":22}},"31":{"start":{"line":87,"column":4},"end":{"line":87,"column":44}},"32":{"start":{"line":90,"column":4},"end":{"line":93,"column":35}},"33":{"start":{"line":96,"column":4},"end":{"line":96,"column":46}},"34":{"start":{"line":100,"column":4},"end":{"line":103,"column":51}},"35":{"start":{"line":101,"column":30},"end":{"line":101,"column":35}},"36":{"start":{"line":103,"column":32},"end":{"line":103,"column":48}},"37":{"start":{"line":107,"column":4},"end":{"line":107,"column":67}},"38":{"start":{"line":111,"column":19},"end":{"line":111,"column":21}},"39":{"start":{"line":112,"column":18},"end":{"line":112,"column":28}},"40":{"start":{"line":114,"column":4},"end":{"line":124,"column":5}},"41":{"start":{"line":114,"column":17},"end":{"line":114,"column":18}},"42":{"start":{"line":115,"column":19},"end":{"line":115,"column":34}},"43":{"start":{"line":116,"column":6},"end":{"line":116,"column":39}},"44":{"start":{"line":117,"column":22},"end":{"line":117,"column":54}},"45":{"start":{"line":119,"column":6},"end":{"line":123,"column":8}},"46":{"start":{"line":126,"column":4},"end":{"line":126,"column":18}},"47":{"start":{"line":130,"column":28},"end":{"line":130,"column":47}},"48":{"start":{"line":131,"column":24},"end":{"line":131,"column":26}},"49":{"start":{"line":134,"column":4},"end":{"line":144,"column":7}},"50":{"start":{"line":135,"column":6},"end":{"line":143,"column":7}},"51":{"start":{"line":139,"column":8},"end":{"line":142,"column":11}},"52":{"start":{"line":146,"column":4},"end":{"line":149,"column":27}},"53":{"start":{"line":147,"column":22},"end":{"line":147,"column":49}},"54":{"start":{"line":149,"column":18},"end":{"line":149,"column":25}},"55":{"start":{"line":153,"column":4},"end":{"line":153,"column":26}},"56":{"start":{"line":157,"column":4},"end":{"line":164,"column":6}},"57":{"start":{"line":169,"column":24},"end":{"line":169,"column":45}},"58":{"start":{"line":171,"column":0},"end":{"line":171,"column":33}}},"fnMap":{"0":{"name":"(anonymous_0)","decl":{"start":{"line":8,"column":2},"end":{"line":8,"column":3}},"loc":{"start":{"line":8,"column":16},"end":{"line":18,"column":3}},"line":8},"1":{"name":"(anonymous_1)","decl":{"start":{"line":20,"column":2},"end":{"line":20,"column":3}},"loc":{"start":{"line":20,"column":24},"end":{"line":28,"column":3}},"line":20},"2":{"name":"(anonymous_2)","decl":{"start":{"line":30,"column":2},"end":{"line":30,"column":3}},"loc":{"start":{"line":30,"column":24},"end":{"line":40,"column":3}},"line":30},"3":{"name":"(anonymous_3)","decl":{"start":{"line":42,"column":2},"end":{"line":42,"column":3}},"loc":{"start":{"line":42,"column":70},"end":{"line":97,"column":3}},"line":42},"4":{"name":"(anonymous_4)","decl":{"start":{"line":99,"column":2},"end":{"line":99,"column":3}},"loc":{"start":{"line":99,"column":33},"end":{"line":104,"column":3}},"line":99},"5":{"name":"(anonymous_5)","decl":{"start":{"line":101,"column":12},"end":{"line":101,"column":13}},"loc":{"start":{"line":101,"column":30},"end":{"line":101,"column":35}},"line":101},"6":{"name":"(anonymous_6)","decl":{"start":{"line":103,"column":11},"end":{"line":103,"column":12}},"loc":{"start":{"line":103,"column":32},"end":{"line":103,"column":48}},"line":103},"7":{"name":"(anonymous_7)","decl":{"start":{"line":106,"column":2},"end":{"line":106,"column":3}},"loc":{"start":{"line":106,"column":34},"end":{"line":108,"column":3}},"line":106},"8":{"name":"(anonymous_8)","decl":{"start":{"line":110,"column":2},"end":{"line":110,"column":3}},"loc":{"start":{"line":110,"column":28},"end":{"line":127,"column":3}},"line":110},"9":{"name":"(anonymous_9)","decl":{"start":{"line":129,"column":2},"end":{"line":129,"column":3}},"loc":{"start":{"line":129,"column":24},"end":{"line":150,"column":3}},"line":129},"10":{"name":"(anonymous_10)","decl":{"start":{"line":134,"column":55},"end":{"line":134,"column":56}},"loc":{"start":{"line":134,"column":73},"end":{"line":144,"column":5}},"line":134},"11":{"name":"(anonymous_11)","decl":{"start":{"line":147,"column":12},"end":{"line":147,"column":13}},"loc":{"start":{"line":147,"column":22},"end":{"line":147,"column":49}},"line":147},"12":{"name":"(anonymous_12)","decl":{"start":{"line":149,"column":11},"end":{"line":149,"column":12}},"loc":{"start":{"line":149,"column":18},"end":{"line":149,"column":25}},"line":149},"13":{"name":"(anonymous_13)","decl":{"start":{"line":152,"column":2},"end":{"line":152,"column":3}},"loc":{"start":{"line":152,"column":17},"end":{"line":154,"column":3}},"line":152},"14":{"name":"(anonymous_14)","decl":{"start":{"line":156,"column":2},"end":{"line":156,"column":3}},"loc":{"start":{"line":156,"column":24},"end":{"line":165,"column":3}},"line":156}},"branchMap":{"0":{"loc":{"start":{"line":42,"column":19},"end":{"line":42,"column":34}},"type":"default-arg","locations":[{"start":{"line":42,"column":33},"end":{"line":42,"column":34}}],"line":42},"1":{"loc":{"start":{"line":42,"column":36},"end":{"line":42,"column":51}},"type":"default-arg","locations":[{"start":{"line":42,"column":47},"end":{"line":42,"column":51}}],"line":42},"2":{"loc":{"start":{"line":42,"column":53},"end":{"line":42,"column":68}},"type":"default-arg","locations":[{"start":{"line":42,"column":64},"end":{"line":42,"column":68}}],"line":42},"3":{"loc":{"start":{"line":43,"column":4},"end":{"line":43,"column":46}},"type":"if","locations":[{"start":{"line":43,"column":4},"end":{"line":43,"column":46}},{"start":{},"end":{}}],"line":43},"4":{"loc":{"start":{"line":43,"column":8},"end":{"line":43,"column":37}},"type":"binary-expr","locations":[{"start":{"line":43,"column":8},"end":{"line":43,"column":14}},{"start":{"line":43,"column":18},"end":{"line":43,"column":37}}],"line":43},"5":{"loc":{"start":{"line":52,"column":4},"end":{"line":54,"column":5}},"type":"if","locations":[{"start":{"line":52,"column":4},"end":{"line":54,"column":5}},{"start":{},"end":{}}],"line":52},"6":{"loc":{"start":{"line":58,"column":4},"end":{"line":71,"column":5}},"type":"if","locations":[{"start":{"line":58,"column":4},"end":{"line":71,"column":5}},{"start":{},"end":{}}],"line":58},"7":{"loc":{"start":{"line":67,"column":6},"end":{"line":70,"column":7}},"type":"if","locations":[{"start":{"line":67,"column":6},"end":{"line":70,"column":7}},{"start":{},"end":{}}],"line":67},"8":{"loc":{"start":{"line":74,"column":4},"end":{"line":80,"column":5}},"type":"if","locations":[{"start":{"line":74,"column":4},"end":{"line":80,"column":5}},{"start":{},"end":{}}],"line":74},"9":{"loc":{"start":{"line":99,"column":21},"end":{"line":99,"column":31}},"type":"default-arg","locations":[{"start":{"line":99,"column":29},"end":{"line":99,"column":31}}],"line":99},"10":{"loc":{"start":{"line":106,"column":22},"end":{"line":106,"column":32}},"type":"default-arg","locations":[{"start":{"line":106,"column":30},"end":{"line":106,"column":32}}],"line":106},"11":{"loc":{"start":{"line":110,"column":18},"end":{"line":110,"column":26}},"type":"default-arg","locations":[{"start":{"line":110,"column":25},"end":{"line":110,"column":26}}],"line":110},"12":{"loc":{"start":{"line":119,"column":24},"end":{"line":123,"column":7}},"type":"binary-expr","locations":[{"start":{"line":119,"column":24},"end":{"line":119,"column":60}},{"start":{"line":119,"column":64},"end":{"line":123,"column":7}}],"line":119},"13":{"loc":{"start":{"line":135,"column":6},"end":{"line":143,"column":7}},"type":"if","locations":[{"start":{"line":135,"column":6},"end":{"line":143,"column":7}},{"start":{},"end":{}}],"line":135},"14":{"loc":{"start":{"line":136,"column":8},"end":{"line":137,"column":46}},"type":"binary-expr","locations":[{"start":{"line":136,"column":8},"end":{"line":136,"column":46}},{"start":{"line":137,"column":8},"end":{"line":137,"column":46}}],"line":136}},"s":{"0":2,"1":2,"2":2,"3":2,"4":2,"5":2,"6":2,"7":1,"8":0,"9":3,"10":3,"11":3,"12":2,"13":0,"14":3,"15":0,"16":3,"17":3,"18":3,"19":3,"20":2,"21":3,"22":3,"23":0,"24":0,"25":0,"26":3,"27":2,"28":3,"29":3,"30":3,"31":3,"32":3,"33":3,"34":0,"35":0,"36":0,"37":0,"38":0,"39":0,"40":0,"41":0,"42":0,"43":0,"44":0,"45":0,"46":0,"47":0,"48":0,"49":0,"50":0,"51":0,"52":0,"53":0,"54":0,"55":3,"56":0,"57":2,"58":2},"f":{"0":2,"1":2,"2":3,"3":3,"4":0,"5":0,"6":0,"7":0,"8":0,"9":0,"10":0,"11":0,"12":0,"13":3,"14":0},"b":{"0":[0],"1":[0],"2":[3],"3":[0,3],"4":[3,3],"5":[2,1],"6":[0,3],"7":[0,0],"8":[2,1],"9":[0],"10":[0],"11":[0],"12":[0,0],"13":[0,0],"14":[0,0]},"_coverageSchema":"1a1c01bbd47fc00a2c39e90264f33305004495a9","hash":"67ee3bc7f4e8485b18d6a10caa5a2d5c86d51c22"}
,"C:\\Users\\tejas\\Desktop\\Projects\\Joya\\utils\\wrapAsync.js": {"path":"C:\\Users\\tejas\\Desktop\\Projects\\Joya\\utils\\wrapAsync.js","statementMap":{"0":{"start":{"line":1,"column":0},"end":{"line":5,"column":1}},"1":{"start":{"line":2,"column":2},"end":{"line":4,"column":4}},"2":{"start":{"line":3,"column":4},"end":{"line":3,"column":35}}},"fnMap":{"0":{"name":"(anonymous_0)","decl":{"start":{"line":1,"column":15},"end":{"line":1,"column":16}},"loc":{"start":{"line":1,"column":22},"end":{"line":5,"column":1}},"line":1},"1":{"name":"(anonymous_1)","decl":{"start":{"line":2,"column":9},"end":{"line":2,"column":10}},"loc":{"start":{"line":2,"column":28},"end":{"line":4,"column":3}},"line":2}},"branchMap":{},"s":{"0":2,"1":60,"2":10},"f":{"0":60,"1":10},"b":{},"_coverageSchema":"1a1c01bbd47fc00a2c39e90264f33305004495a9","hash":"281d4b301f72aa2e3fd6a8c5cd306668fde88df8"}
,"C:\\Users\\tejas\\Desktop\\Projects\\Joya\\utils\\emailTemplates\\otpTemplate.js": {"path":"C:\\Users\\tejas\\Desktop\\Projects\\Joya\\utils\\emailTemplates\\otpTemplate.js","statementMap":{"0":{"start":{"line":1,"column":0},"end":{"line":38,"column":2}},"1":{"start":{"line":1,"column":36},"end":{"line":38,"column":1}}},"fnMap":{"0":{"name":"(anonymous_0)","decl":{"start":{"line":1,"column":17},"end":{"line":1,"column":18}},"loc":{"start":{"line":1,"column":36},"end":{"line":38,"column":1}},"line":1}},"branchMap":{},"s":{"0":2,"1":0},"f":{"0":0},"b":{},"_coverageSchema":"1a1c01bbd47fc00a2c39e90264f33305004495a9","hash":"95ef1588a57ee1326bb97ff6e811039546fe0f93"}
,"C:\\Users\\tejas\\Desktop\\Projects\\Joya\\utils\\emailTemplates\\verificationTemplate.js": {"path":"C:\\Users\\tejas\\Desktop\\Projects\\Joya\\utils\\emailTemplates\\verificationTemplate.js","statementMap":{"0":{"start":{"line":1,"column":0},"end":{"line":46,"column":2}},"1":{"start":{"line":1,"column":48},"end":{"line":46,"column":1}}},"fnMap":{"0":{"name":"(anonymous_0)","decl":{"start":{"line":1,"column":17},"end":{"line":1,"column":18}},"loc":{"start":{"line":1,"column":48},"end":{"line":46,"column":1}},"line":1}},"branchMap":{},"s":{"0":2,"1":0},"f":{"0":0},"b":{},"_coverageSchema":"1a1c01bbd47fc00a2c39e90264f33305004495a9","hash":"75f0db9abd81e4ed1f0aa31a63949829c2663e68"}
}
